Traceback (most recent call last):
  File "train.py", line 4, in <module>
    from data_loader import load_data
  File "<fstring>", line 1
    (len(Af_lst)*******)
                  ^
SyntaxError: invalid syntax
Traceback (most recent call last):
  File "train.py", line 4, in <module>
    from data_loader import load_data
  File "<fstring>", line 1
    (len(Ahat_lst)*******)
                    ^
SyntaxError: invalid syntax
***************第0轮训练开始***************
***************第0轮1批训练开始***************
=======已完成1个被试者数据的读取=======
=======已完成2个被试者数据的读取=======
=======已完成3个被试者数据的读取=======
=======已完成4个被试者数据的读取=======
=======已完成5个被试者数据的读取=======
=======已完成6个被试者数据的读取=======
=======已完成7个被试者数据的读取=======
=======已完成8个被试者数据的读取=======
=======已完成9个被试者数据的读取=======
=======已完成10个被试者数据的读取=======
=======已完成11个被试者数据的读取=======
=======已完成12个被试者数据的读取=======
=======已完成13个被试者数据的读取=======
=======已完成14个被试者数据的读取=======
=======已完成15个被试者数据的读取=======
=======已完成16个被试者数据的读取=======
=======已完成17个被试者数据的读取=======
=======已完成18个被试者数据的读取=======
=======已完成19个被试者数据的读取=======
=======已完成20个被试者数据的读取=======
=======已完成21个被试者数据的读取=======
=======已完成22个被试者数据的读取=======
=======已完成23个被试者数据的读取=======
=======已完成24个被试者数据的读取=======
=======已完成25个被试者数据的读取=======
=======已完成26个被试者数据的读取=======
=======已完成27个被试者数据的读取=======
=======已完成28个被试者数据的读取=======
=======已完成29个被试者数据的读取=======
=======已完成30个被试者数据的读取=======
=======已完成31个被试者数据的读取=======
=======已完成32个被试者数据的读取=======
=======已完成33个被试者数据的读取=======
=======已完成34个被试者数据的读取=======
=======已完成35个被试者数据的读取=======
=======已完成36个被试者数据的读取=======
=======已完成37个被试者数据的读取=======
=======已完成38个被试者数据的读取=======
=======已完成39个被试者数据的读取=======
=======已完成40个被试者数据的读取=======
=======已完成41个被试者数据的读取=======
=======已完成42个被试者数据的读取=======
=======已完成43个被试者数据的读取=======
=======已完成44个被试者数据的读取=======
=======已完成45个被试者数据的读取=======
=======已完成46个被试者数据的读取=======
=======已完成47个被试者数据的读取=======
=======已完成48个被试者数据的读取=======
=======已完成49个被试者数据的读取=======
=======已完成50个被试者数据的读取=======
*******SC_normalized_lst FUN_normalized_lst feature_matrix_lst 获取完毕，长度均为50*******
=======已完成1个Af矩阵的生成=======
=======已完成2个Af矩阵的生成=======
=======已完成3个Af矩阵的生成=======
=======已完成4个Af矩阵的生成=======
=======已完成5个Af矩阵的生成=======
=======已完成6个Af矩阵的生成=======
=======已完成7个Af矩阵的生成=======
=======已完成8个Af矩阵的生成=======
=======已完成9个Af矩阵的生成=======
=======已完成10个Af矩阵的生成=======
=======已完成11个Af矩阵的生成=======
=======已完成12个Af矩阵的生成=======
=======已完成13个Af矩阵的生成=======
=======已完成14个Af矩阵的生成=======
=======已完成15个Af矩阵的生成=======
=======已完成16个Af矩阵的生成=======
=======已完成17个Af矩阵的生成=======
=======已完成18个Af矩阵的生成=======
=======已完成19个Af矩阵的生成=======
=======已完成20个Af矩阵的生成=======
=======已完成21个Af矩阵的生成=======
=======已完成22个Af矩阵的生成=======
=======已完成23个Af矩阵的生成=======
=======已完成24个Af矩阵的生成=======
=======已完成25个Af矩阵的生成=======
=======已完成26个Af矩阵的生成=======
=======已完成27个Af矩阵的生成=======
=======已完成28个Af矩阵的生成=======
=======已完成29个Af矩阵的生成=======
=======已完成30个Af矩阵的生成=======
=======已完成31个Af矩阵的生成=======
=======已完成32个Af矩阵的生成=======
=======已完成33个Af矩阵的生成=======
=======已完成34个Af矩阵的生成=======
=======已完成35个Af矩阵的生成=======
=======已完成36个Af矩阵的生成=======
=======已完成37个Af矩阵的生成=======
=======已完成38个Af矩阵的生成=======
=======已完成39个Af矩阵的生成=======
=======已完成40个Af矩阵的生成=======
=======已完成41个Af矩阵的生成=======
=======已完成42个Af矩阵的生成=======
=======已完成43个Af矩阵的生成=======
=======已完成44个Af矩阵的生成=======
=======已完成45个Af矩阵的生成=======
=======已完成46个Af矩阵的生成=======
=======已完成47个Af矩阵的生成=======
=======已完成48个Af矩阵的生成=======
=======已完成49个Af矩阵的生成=======
=======已完成50个Af矩阵的生成=======
*******As_lst Af_lst feature_matrix_lst正常生成，列表长度均为：50*******
=======已完成0个Ahat矩阵的融合生成=======
=======已完成1个Ahat矩阵的融合生成=======
=======已完成2个Ahat矩阵的融合生成=======
=======已完成3个Ahat矩阵的融合生成=======
=======已完成4个Ahat矩阵的融合生成=======
=======已完成5个Ahat矩阵的融合生成=======
=======已完成6个Ahat矩阵的融合生成=======
=======已完成7个Ahat矩阵的融合生成=======
=======已完成8个Ahat矩阵的融合生成=======
=======已完成9个Ahat矩阵的融合生成=======
=======已完成10个Ahat矩阵的融合生成=======
=======已完成11个Ahat矩阵的融合生成=======
=======已完成12个Ahat矩阵的融合生成=======
=======已完成13个Ahat矩阵的融合生成=======
=======已完成14个Ahat矩阵的融合生成=======
=======已完成15个Ahat矩阵的融合生成=======
=======已完成16个Ahat矩阵的融合生成=======
=======已完成17个Ahat矩阵的融合生成=======
=======已完成18个Ahat矩阵的融合生成=======
=======已完成19个Ahat矩阵的融合生成=======
=======已完成20个Ahat矩阵的融合生成=======
=======已完成21个Ahat矩阵的融合生成=======
=======已完成22个Ahat矩阵的融合生成=======
=======已完成23个Ahat矩阵的融合生成=======
=======已完成24个Ahat矩阵的融合生成=======
=======已完成25个Ahat矩阵的融合生成=======
=======已完成26个Ahat矩阵的融合生成=======
=======已完成27个Ahat矩阵的融合生成=======
=======已完成28个Ahat矩阵的融合生成=======
=======已完成29个Ahat矩阵的融合生成=======
=======已完成30个Ahat矩阵的融合生成=======
=======已完成31个Ahat矩阵的融合生成=======
=======已完成32个Ahat矩阵的融合生成=======
=======已完成33个Ahat矩阵的融合生成=======
=======已完成34个Ahat矩阵的融合生成=======
=======已完成35个Ahat矩阵的融合生成=======
=======已完成36个Ahat矩阵的融合生成=======
=======已完成37个Ahat矩阵的融合生成=======
=======已完成38个Ahat矩阵的融合生成=======
=======已完成39个Ahat矩阵的融合生成=======
=======已完成40个Ahat矩阵的融合生成=======
=======已完成41个Ahat矩阵的融合生成=======
=======已完成42个Ahat矩阵的融合生成=======
=======已完成43个Ahat矩阵的融合生成=======
=======已完成44个Ahat矩阵的融合生成=======
=======已完成45个Ahat矩阵的融合生成=======
=======已完成46个Ahat矩阵的融合生成=======
=======已完成47个Ahat矩阵的融合生成=======
=======已完成48个Ahat矩阵的融合生成=======
=======已完成49个Ahat矩阵的融合生成=======
*******Af_lst获取完毕，长度为50*******
=======已完成0个被试者脑图的生成=======
=======已完成1个被试者脑图的生成=======
=======已完成2个被试者脑图的生成=======
=======已完成3个被试者脑图的生成=======
=======已完成4个被试者脑图的生成=======
=======已完成5个被试者脑图的生成=======
=======已完成6个被试者脑图的生成=======
=======已完成7个被试者脑图的生成=======
=======已完成8个被试者脑图的生成=======
=======已完成9个被试者脑图的生成=======
=======已完成10个被试者脑图的生成=======
=======已完成11个被试者脑图的生成=======
=======已完成12个被试者脑图的生成=======
=======已完成13个被试者脑图的生成=======
=======已完成14个被试者脑图的生成=======
=======已完成15个被试者脑图的生成=======
=======已完成16个被试者脑图的生成=======
=======已完成17个被试者脑图的生成=======
=======已完成18个被试者脑图的生成=======
=======已完成19个被试者脑图的生成=======
=======已完成20个被试者脑图的生成=======
=======已完成21个被试者脑图的生成=======
=======已完成22个被试者脑图的生成=======
=======已完成23个被试者脑图的生成=======
=======已完成24个被试者脑图的生成=======
=======已完成25个被试者脑图的生成=======
=======已完成26个被试者脑图的生成=======
=======已完成27个被试者脑图的生成=======
=======已完成28个被试者脑图的生成=======
=======已完成29个被试者脑图的生成=======
=======已完成30个被试者脑图的生成=======
=======已完成31个被试者脑图的生成=======
=======已完成32个被试者脑图的生成=======
=======已完成33个被试者脑图的生成=======
=======已完成34个被试者脑图的生成=======
=======已完成35个被试者脑图的生成=======
=======已完成36个被试者脑图的生成=======
=======已完成37个被试者脑图的生成=======
=======已完成38个被试者脑图的生成=======
=======已完成39个被试者脑图的生成=======
=======已完成40个被试者脑图的生成=======
=======已完成41个被试者脑图的生成=======
=======已完成42个被试者脑图的生成=======
=======已完成43个被试者脑图的生成=======
=======已完成44个被试者脑图的生成=======
=======已完成45个被试者脑图的生成=======
=======已完成46个被试者脑图的生成=======
=======已完成47个被试者脑图的生成=======
=======已完成48个被试者脑图的生成=======
=======已完成49个被试者脑图的生成=======
*******Ahat_lst获取完毕，长度为50*******
Epoch: 0, Batch: 1, Train Loss:0.687
***************第0轮2批训练开始***************
=======已完成1个被试者数据的读取=======
=======已完成2个被试者数据的读取=======
=======已完成3个被试者数据的读取=======
=======已完成4个被试者数据的读取=======
=======已完成5个被试者数据的读取=======
=======已完成6个被试者数据的读取=======
=======已完成7个被试者数据的读取=======
=======已完成8个被试者数据的读取=======
=======已完成9个被试者数据的读取=======
=======已完成10个被试者数据的读取=======
=======已完成11个被试者数据的读取=======
=======已完成12个被试者数据的读取=======
=======已完成13个被试者数据的读取=======
=======已完成14个被试者数据的读取=======
=======已完成15个被试者数据的读取=======
=======已完成16个被试者数据的读取=======
=======已完成17个被试者数据的读取=======
=======已完成18个被试者数据的读取=======
=======已完成19个被试者数据的读取=======
=======已完成20个被试者数据的读取=======
=======已完成21个被试者数据的读取=======
=======已完成22个被试者数据的读取=======
=======已完成23个被试者数据的读取=======
=======已完成24个被试者数据的读取=======
=======已完成25个被试者数据的读取=======
=======已完成26个被试者数据的读取=======
=======已完成27个被试者数据的读取=======
=======已完成28个被试者数据的读取=======
=======已完成29个被试者数据的读取=======
=======已完成30个被试者数据的读取=======
=======已完成31个被试者数据的读取=======
=======已完成32个被试者数据的读取=======
=======已完成33个被试者数据的读取=======
=======已完成34个被试者数据的读取=======
=======已完成35个被试者数据的读取=======
=======已完成36个被试者数据的读取=======
=======已完成37个被试者数据的读取=======
=======已完成38个被试者数据的读取=======
=======已完成39个被试者数据的读取=======
=======已完成40个被试者数据的读取=======
=======已完成41个被试者数据的读取=======
=======已完成42个被试者数据的读取=======
=======已完成43个被试者数据的读取=======
=======已完成44个被试者数据的读取=======
=======已完成45个被试者数据的读取=======
=======已完成46个被试者数据的读取=======
=======已完成47个被试者数据的读取=======
=======已完成48个被试者数据的读取=======
=======已完成49个被试者数据的读取=======
=======已完成50个被试者数据的读取=======
*******SC_normalized_lst FUN_normalized_lst feature_matrix_lst 获取完毕，长度均为50*******
=======已完成1个Af矩阵的生成=======
=======已完成2个Af矩阵的生成=======
=======已完成3个Af矩阵的生成=======
=======已完成4个Af矩阵的生成=======
=======已完成5个Af矩阵的生成=======
=======已完成6个Af矩阵的生成=======
=======已完成7个Af矩阵的生成=======
=======已完成8个Af矩阵的生成=======
=======已完成9个Af矩阵的生成=======
=======已完成10个Af矩阵的生成=======
=======已完成11个Af矩阵的生成=======
=======已完成12个Af矩阵的生成=======
=======已完成13个Af矩阵的生成=======
=======已完成14个Af矩阵的生成=======
=======已完成15个Af矩阵的生成=======
=======已完成16个Af矩阵的生成=======
=======已完成17个Af矩阵的生成=======
=======已完成18个Af矩阵的生成=======
=======已完成19个Af矩阵的生成=======
=======已完成20个Af矩阵的生成=======
=======已完成21个Af矩阵的生成=======
=======已完成22个Af矩阵的生成=======
=======已完成23个Af矩阵的生成=======
=======已完成24个Af矩阵的生成=======
=======已完成25个Af矩阵的生成=======
=======已完成26个Af矩阵的生成=======
=======已完成27个Af矩阵的生成=======
=======已完成28个Af矩阵的生成=======
=======已完成29个Af矩阵的生成=======
=======已完成30个Af矩阵的生成=======
=======已完成31个Af矩阵的生成=======
=======已完成32个Af矩阵的生成=======
=======已完成33个Af矩阵的生成=======
=======已完成34个Af矩阵的生成=======
=======已完成35个Af矩阵的生成=======
=======已完成36个Af矩阵的生成=======
=======已完成37个Af矩阵的生成=======
=======已完成38个Af矩阵的生成=======
=======已完成39个Af矩阵的生成=======
=======已完成40个Af矩阵的生成=======
=======已完成41个Af矩阵的生成=======
=======已完成42个Af矩阵的生成=======
=======已完成43个Af矩阵的生成=======
=======已完成44个Af矩阵的生成=======
=======已完成45个Af矩阵的生成=======
=======已完成46个Af矩阵的生成=======
=======已完成47个Af矩阵的生成=======
=======已完成48个Af矩阵的生成=======
=======已完成49个Af矩阵的生成=======
=======已完成50个Af矩阵的生成=======
*******As_lst Af_lst feature_matrix_lst正常生成，列表长度均为：50*******
=======已完成0个Ahat矩阵的融合生成=======
=======已完成1个Ahat矩阵的融合生成=======
=======已完成2个Ahat矩阵的融合生成=======
=======已完成3个Ahat矩阵的融合生成=======
=======已完成4个Ahat矩阵的融合生成=======
=======已完成5个Ahat矩阵的融合生成=======
=======已完成6个Ahat矩阵的融合生成=======
=======已完成7个Ahat矩阵的融合生成=======
=======已完成8个Ahat矩阵的融合生成=======
=======已完成9个Ahat矩阵的融合生成=======
=======已完成10个Ahat矩阵的融合生成=======
=======已完成11个Ahat矩阵的融合生成=======
=======已完成12个Ahat矩阵的融合生成=======
=======已完成13个Ahat矩阵的融合生成=======
=======已完成14个Ahat矩阵的融合生成=======
=======已完成15个Ahat矩阵的融合生成=======
=======已完成16个Ahat矩阵的融合生成=======
=======已完成17个Ahat矩阵的融合生成=======
=======已完成18个Ahat矩阵的融合生成=======
=======已完成19个Ahat矩阵的融合生成=======
=======已完成20个Ahat矩阵的融合生成=======
=======已完成21个Ahat矩阵的融合生成=======
=======已完成22个Ahat矩阵的融合生成=======
=======已完成23个Ahat矩阵的融合生成=======
=======已完成24个Ahat矩阵的融合生成=======
=======已完成25个Ahat矩阵的融合生成=======
=======已完成26个Ahat矩阵的融合生成=======
=======已完成27个Ahat矩阵的融合生成=======
=======已完成28个Ahat矩阵的融合生成=======
=======已完成29个Ahat矩阵的融合生成=======
=======已完成30个Ahat矩阵的融合生成=======
=======已完成31个Ahat矩阵的融合生成=======
=======已完成32个Ahat矩阵的融合生成=======
=======已完成33个Ahat矩阵的融合生成=======
=======已完成34个Ahat矩阵的融合生成=======
=======已完成35个Ahat矩阵的融合生成=======
=======已完成36个Ahat矩阵的融合生成=======
=======已完成37个Ahat矩阵的融合生成=======
=======已完成38个Ahat矩阵的融合生成=======
=======已完成39个Ahat矩阵的融合生成=======
=======已完成40个Ahat矩阵的融合生成=======
=======已完成41个Ahat矩阵的融合生成=======
=======已完成42个Ahat矩阵的融合生成=======
=======已完成43个Ahat矩阵的融合生成=======
=======已完成44个Ahat矩阵的融合生成=======
=======已完成45个Ahat矩阵的融合生成=======
=======已完成46个Ahat矩阵的融合生成=======
=======已完成47个Ahat矩阵的融合生成=======
=======已完成48个Ahat矩阵的融合生成=======
=======已完成49个Ahat矩阵的融合生成=======
*******Af_lst获取完毕，长度为50*******
=======已完成0个被试者脑图的生成=======
=======已完成1个被试者脑图的生成=======
=======已完成2个被试者脑图的生成=======
=======已完成3个被试者脑图的生成=======
=======已完成4个被试者脑图的生成=======
=======已完成5个被试者脑图的生成=======
=======已完成6个被试者脑图的生成=======
=======已完成7个被试者脑图的生成=======
=======已完成8个被试者脑图的生成=======
=======已完成9个被试者脑图的生成=======
=======已完成10个被试者脑图的生成=======
=======已完成11个被试者脑图的生成=======
=======已完成12个被试者脑图的生成=======
=======已完成13个被试者脑图的生成=======
=======已完成14个被试者脑图的生成=======
=======已完成15个被试者脑图的生成=======
=======已完成16个被试者脑图的生成=======
=======已完成17个被试者脑图的生成=======
=======已完成18个被试者脑图的生成=======
=======已完成19个被试者脑图的生成=======
=======已完成20个被试者脑图的生成=======
=======已完成21个被试者脑图的生成=======
=======已完成22个被试者脑图的生成=======
=======已完成23个被试者脑图的生成=======
=======已完成24个被试者脑图的生成=======
=======已完成25个被试者脑图的生成=======
=======已完成26个被试者脑图的生成=======
=======已完成27个被试者脑图的生成=======
=======已完成28个被试者脑图的生成=======
=======已完成29个被试者脑图的生成=======
=======已完成30个被试者脑图的生成=======
=======已完成31个被试者脑图的生成=======
=======已完成32个被试者脑图的生成=======
=======已完成33个被试者脑图的生成=======
=======已完成34个被试者脑图的生成=======
=======已完成35个被试者脑图的生成=======
=======已完成36个被试者脑图的生成=======
=======已完成37个被试者脑图的生成=======
=======已完成38个被试者脑图的生成=======
=======已完成39个被试者脑图的生成=======
=======已完成40个被试者脑图的生成=======
=======已完成41个被试者脑图的生成=======
=======已完成42个被试者脑图的生成=======
=======已完成43个被试者脑图的生成=======
=======已完成44个被试者脑图的生成=======
=======已完成45个被试者脑图的生成=======
=======已完成46个被试者脑图的生成=======
=======已完成47个被试者脑图的生成=======
=======已完成48个被试者脑图的生成=======
=======已完成49个被试者脑图的生成=======
*******Ahat_lst获取完毕，长度为50*******
Epoch: 0, Batch: 2, Train Loss:0.690
***************第0轮3批训练开始***************
=======已完成1个被试者数据的读取=======
=======已完成2个被试者数据的读取=======
=======已完成3个被试者数据的读取=======
=======已完成4个被试者数据的读取=======
=======已完成5个被试者数据的读取=======
=======已完成6个被试者数据的读取=======
=======已完成7个被试者数据的读取=======
=======已完成8个被试者数据的读取=======
=======已完成9个被试者数据的读取=======
=======已完成10个被试者数据的读取=======
=======已完成11个被试者数据的读取=======
=======已完成12个被试者数据的读取=======
=======已完成13个被试者数据的读取=======
=======已完成14个被试者数据的读取=======
=======已完成15个被试者数据的读取=======
=======已完成16个被试者数据的读取=======
=======已完成17个被试者数据的读取=======
=======已完成18个被试者数据的读取=======
=======已完成19个被试者数据的读取=======
=======已完成20个被试者数据的读取=======
=======已完成21个被试者数据的读取=======
=======已完成22个被试者数据的读取=======
=======已完成23个被试者数据的读取=======
=======已完成24个被试者数据的读取=======
=======已完成25个被试者数据的读取=======
=======已完成26个被试者数据的读取=======
=======已完成27个被试者数据的读取=======
=======已完成28个被试者数据的读取=======
=======已完成29个被试者数据的读取=======
=======已完成30个被试者数据的读取=======
=======已完成31个被试者数据的读取=======
=======已完成32个被试者数据的读取=======
=======已完成33个被试者数据的读取=======
=======已完成34个被试者数据的读取=======
=======已完成35个被试者数据的读取=======
=======已完成36个被试者数据的读取=======
=======已完成37个被试者数据的读取=======
=======已完成38个被试者数据的读取=======
=======已完成39个被试者数据的读取=======
=======已完成40个被试者数据的读取=======
=======已完成41个被试者数据的读取=======
=======已完成42个被试者数据的读取=======
=======已完成43个被试者数据的读取=======
=======已完成44个被试者数据的读取=======
=======已完成45个被试者数据的读取=======
=======已完成46个被试者数据的读取=======
=======已完成47个被试者数据的读取=======
=======已完成48个被试者数据的读取=======
=======已完成49个被试者数据的读取=======
=======已完成50个被试者数据的读取=======
*******SC_normalized_lst FUN_normalized_lst feature_matrix_lst 获取完毕，长度均为50*******
=======已完成1个Af矩阵的生成=======
=======已完成2个Af矩阵的生成=======
=======已完成3个Af矩阵的生成=======
=======已完成4个Af矩阵的生成=======
=======已完成5个Af矩阵的生成=======
=======已完成6个Af矩阵的生成=======
=======已完成7个Af矩阵的生成=======
=======已完成8个Af矩阵的生成=======
=======已完成9个Af矩阵的生成=======
=======已完成10个Af矩阵的生成=======
=======已完成11个Af矩阵的生成=======
=======已完成12个Af矩阵的生成=======
=======已完成13个Af矩阵的生成=======
=======已完成14个Af矩阵的生成=======
=======已完成15个Af矩阵的生成=======
=======已完成16个Af矩阵的生成=======
=======已完成17个Af矩阵的生成=======
=======已完成18个Af矩阵的生成=======
=======已完成19个Af矩阵的生成=======
=======已完成20个Af矩阵的生成=======
=======已完成21个Af矩阵的生成=======
=======已完成22个Af矩阵的生成=======
=======已完成23个Af矩阵的生成=======
=======已完成24个Af矩阵的生成=======
=======已完成25个Af矩阵的生成=======
=======已完成26个Af矩阵的生成=======
=======已完成27个Af矩阵的生成=======
=======已完成28个Af矩阵的生成=======
=======已完成29个Af矩阵的生成=======
=======已完成30个Af矩阵的生成=======
=======已完成31个Af矩阵的生成=======
=======已完成32个Af矩阵的生成=======
=======已完成33个Af矩阵的生成=======
=======已完成34个Af矩阵的生成=======
=======已完成35个Af矩阵的生成=======
=======已完成36个Af矩阵的生成=======
=======已完成37个Af矩阵的生成=======
=======已完成38个Af矩阵的生成=======
=======已完成39个Af矩阵的生成=======
=======已完成40个Af矩阵的生成=======
=======已完成41个Af矩阵的生成=======
=======已完成42个Af矩阵的生成=======
=======已完成43个Af矩阵的生成=======
=======已完成44个Af矩阵的生成=======
=======已完成45个Af矩阵的生成=======
=======已完成46个Af矩阵的生成=======
=======已完成47个Af矩阵的生成=======
=======已完成48个Af矩阵的生成=======
=======已完成49个Af矩阵的生成=======
=======已完成50个Af矩阵的生成=======
*******As_lst Af_lst feature_matrix_lst正常生成，列表长度均为：50*******
=======已完成0个Ahat矩阵的融合生成=======
=======已完成1个Ahat矩阵的融合生成=======
=======已完成2个Ahat矩阵的融合生成=======
=======已完成3个Ahat矩阵的融合生成=======
=======已完成4个Ahat矩阵的融合生成=======
=======已完成5个Ahat矩阵的融合生成=======
=======已完成6个Ahat矩阵的融合生成=======
=======已完成7个Ahat矩阵的融合生成=======
=======已完成8个Ahat矩阵的融合生成=======
=======已完成9个Ahat矩阵的融合生成=======
=======已完成10个Ahat矩阵的融合生成=======
=======已完成11个Ahat矩阵的融合生成=======
=======已完成12个Ahat矩阵的融合生成=======
=======已完成13个Ahat矩阵的融合生成=======
=======已完成14个Ahat矩阵的融合生成=======
=======已完成15个Ahat矩阵的融合生成=======
=======已完成16个Ahat矩阵的融合生成=======
=======已完成17个Ahat矩阵的融合生成=======
=======已完成18个Ahat矩阵的融合生成=======
=======已完成19个Ahat矩阵的融合生成=======
=======已完成20个Ahat矩阵的融合生成=======
=======已完成21个Ahat矩阵的融合生成=======
=======已完成22个Ahat矩阵的融合生成=======
=======已完成23个Ahat矩阵的融合生成=======
=======已完成24个Ahat矩阵的融合生成=======
=======已完成25个Ahat矩阵的融合生成=======
=======已完成26个Ahat矩阵的融合生成=======
=======已完成27个Ahat矩阵的融合生成=======
=======已完成28个Ahat矩阵的融合生成=======
=======已完成29个Ahat矩阵的融合生成=======
=======已完成30个Ahat矩阵的融合生成=======
=======已完成31个Ahat矩阵的融合生成=======
=======已完成32个Ahat矩阵的融合生成=======
=======已完成33个Ahat矩阵的融合生成=======
=======已完成34个Ahat矩阵的融合生成=======
=======已完成35个Ahat矩阵的融合生成=======
=======已完成36个Ahat矩阵的融合生成=======
=======已完成37个Ahat矩阵的融合生成=======
=======已完成38个Ahat矩阵的融合生成=======
=======已完成39个Ahat矩阵的融合生成=======
=======已完成40个Ahat矩阵的融合生成=======
=======已完成41个Ahat矩阵的融合生成=======
=======已完成42个Ahat矩阵的融合生成=======
=======已完成43个Ahat矩阵的融合生成=======
=======已完成44个Ahat矩阵的融合生成=======
=======已完成45个Ahat矩阵的融合生成=======
=======已完成46个Ahat矩阵的融合生成=======
=======已完成47个Ahat矩阵的融合生成=======
=======已完成48个Ahat矩阵的融合生成=======
=======已完成49个Ahat矩阵的融合生成=======
*******Af_lst获取完毕，长度为50*******
=======已完成0个被试者脑图的生成=======
=======已完成1个被试者脑图的生成=======
=======已完成2个被试者脑图的生成=======
=======已完成3个被试者脑图的生成=======
=======已完成4个被试者脑图的生成=======
=======已完成5个被试者脑图的生成=======
=======已完成6个被试者脑图的生成=======
=======已完成7个被试者脑图的生成=======
=======已完成8个被试者脑图的生成=======
=======已完成9个被试者脑图的生成=======
=======已完成10个被试者脑图的生成=======
=======已完成11个被试者脑图的生成=======
=======已完成12个被试者脑图的生成=======
=======已完成13个被试者脑图的生成=======
=======已完成14个被试者脑图的生成=======
=======已完成15个被试者脑图的生成=======
=======已完成16个被试者脑图的生成=======
=======已完成17个被试者脑图的生成=======
=======已完成18个被试者脑图的生成=======
=======已完成19个被试者脑图的生成=======
=======已完成20个被试者脑图的生成=======
=======已完成21个被试者脑图的生成=======
=======已完成22个被试者脑图的生成=======
=======已完成23个被试者脑图的生成=======
=======已完成24个被试者脑图的生成=======
=======已完成25个被试者脑图的生成=======
=======已完成26个被试者脑图的生成=======
=======已完成27个被试者脑图的生成=======
=======已完成28个被试者脑图的生成=======
=======已完成29个被试者脑图的生成=======
=======已完成30个被试者脑图的生成=======
=======已完成31个被试者脑图的生成=======
=======已完成32个被试者脑图的生成=======
=======已完成33个被试者脑图的生成=======
=======已完成34个被试者脑图的生成=======
=======已完成35个被试者脑图的生成=======
=======已完成36个被试者脑图的生成=======
=======已完成37个被试者脑图的生成=======
=======已完成38个被试者脑图的生成=======
=======已完成39个被试者脑图的生成=======
=======已完成40个被试者脑图的生成=======
=======已完成41个被试者脑图的生成=======
=======已完成42个被试者脑图的生成=======
=======已完成43个被试者脑图的生成=======
=======已完成44个被试者脑图的生成=======
=======已完成45个被试者脑图的生成=======
=======已完成46个被试者脑图的生成=======
=======已完成47个被试者脑图的生成=======
=======已完成48个被试者脑图的生成=======
=======已完成49个被试者脑图的生成=======
*******Ahat_lst获取完毕，长度为50*******
Epoch: 0, Batch: 3, Train Loss:0.681
***************第0轮4批训练开始***************
=======已完成1个被试者数据的读取=======
=======已完成2个被试者数据的读取=======
=======已完成3个被试者数据的读取=======
=======已完成4个被试者数据的读取=======
=======已完成5个被试者数据的读取=======
=======已完成6个被试者数据的读取=======
=======已完成7个被试者数据的读取=======
=======已完成8个被试者数据的读取=======
=======已完成9个被试者数据的读取=======
=======已完成10个被试者数据的读取=======
=======已完成11个被试者数据的读取=======
=======已完成12个被试者数据的读取=======
=======已完成13个被试者数据的读取=======
=======已完成14个被试者数据的读取=======
=======已完成15个被试者数据的读取=======
=======已完成16个被试者数据的读取=======
=======已完成17个被试者数据的读取=======
=======已完成18个被试者数据的读取=======
=======已完成19个被试者数据的读取=======
=======已完成20个被试者数据的读取=======
=======已完成21个被试者数据的读取=======
=======已完成22个被试者数据的读取=======
=======已完成23个被试者数据的读取=======
=======已完成24个被试者数据的读取=======
=======已完成25个被试者数据的读取=======
=======已完成26个被试者数据的读取=======
=======已完成27个被试者数据的读取=======
=======已完成28个被试者数据的读取=======
=======已完成29个被试者数据的读取=======
=======已完成30个被试者数据的读取=======
=======已完成31个被试者数据的读取=======
=======已完成32个被试者数据的读取=======
=======已完成33个被试者数据的读取=======
=======已完成34个被试者数据的读取=======
=======已完成35个被试者数据的读取=======
=======已完成36个被试者数据的读取=======
=======已完成37个被试者数据的读取=======
=======已完成38个被试者数据的读取=======
=======已完成39个被试者数据的读取=======
=======已完成40个被试者数据的读取=======
=======已完成41个被试者数据的读取=======
=======已完成42个被试者数据的读取=======
=======已完成43个被试者数据的读取=======
=======已完成44个被试者数据的读取=======
=======已完成45个被试者数据的读取=======
=======已完成46个被试者数据的读取=======
=======已完成47个被试者数据的读取=======
=======已完成48个被试者数据的读取=======
=======已完成49个被试者数据的读取=======
=======已完成50个被试者数据的读取=======
*******SC_normalized_lst FUN_normalized_lst feature_matrix_lst 获取完毕，长度均为50*******
=======已完成1个Af矩阵的生成=======
=======已完成2个Af矩阵的生成=======
=======已完成3个Af矩阵的生成=======
=======已完成4个Af矩阵的生成=======
=======已完成5个Af矩阵的生成=======
=======已完成6个Af矩阵的生成=======
=======已完成7个Af矩阵的生成=======
=======已完成8个Af矩阵的生成=======
=======已完成9个Af矩阵的生成=======
=======已完成10个Af矩阵的生成=======
=======已完成11个Af矩阵的生成=======
=======已完成12个Af矩阵的生成=======
=======已完成13个Af矩阵的生成=======
=======已完成14个Af矩阵的生成=======
=======已完成15个Af矩阵的生成=======
=======已完成16个Af矩阵的生成=======
=======已完成17个Af矩阵的生成=======
=======已完成18个Af矩阵的生成=======
=======已完成19个Af矩阵的生成=======
=======已完成20个Af矩阵的生成=======
=======已完成21个Af矩阵的生成=======
=======已完成22个Af矩阵的生成=======
=======已完成23个Af矩阵的生成=======
=======已完成24个Af矩阵的生成=======
=======已完成25个Af矩阵的生成=======
=======已完成26个Af矩阵的生成=======
=======已完成27个Af矩阵的生成=======
=======已完成28个Af矩阵的生成=======
=======已完成29个Af矩阵的生成=======
=======已完成30个Af矩阵的生成=======
=======已完成31个Af矩阵的生成=======
=======已完成32个Af矩阵的生成=======
=======已完成33个Af矩阵的生成=======
=======已完成34个Af矩阵的生成=======
=======已完成35个Af矩阵的生成=======
=======已完成36个Af矩阵的生成=======
=======已完成37个Af矩阵的生成=======
=======已完成38个Af矩阵的生成=======
=======已完成39个Af矩阵的生成=======
=======已完成40个Af矩阵的生成=======
=======已完成41个Af矩阵的生成=======
=======已完成42个Af矩阵的生成=======
=======已完成43个Af矩阵的生成=======
=======已完成44个Af矩阵的生成=======
=======已完成45个Af矩阵的生成=======
=======已完成46个Af矩阵的生成=======
=======已完成47个Af矩阵的生成=======
=======已完成48个Af矩阵的生成=======
=======已完成49个Af矩阵的生成=======
=======已完成50个Af矩阵的生成=======
*******As_lst Af_lst feature_matrix_lst正常生成，列表长度均为：50*******
=======已完成0个Ahat矩阵的融合生成=======
=======已完成1个Ahat矩阵的融合生成=======
=======已完成2个Ahat矩阵的融合生成=======
=======已完成3个Ahat矩阵的融合生成=======
=======已完成4个Ahat矩阵的融合生成=======
=======已完成5个Ahat矩阵的融合生成=======
=======已完成6个Ahat矩阵的融合生成=======
=======已完成7个Ahat矩阵的融合生成=======
=======已完成8个Ahat矩阵的融合生成=======
=======已完成9个Ahat矩阵的融合生成=======
=======已完成10个Ahat矩阵的融合生成=======
=======已完成11个Ahat矩阵的融合生成=======
=======已完成12个Ahat矩阵的融合生成=======
=======已完成13个Ahat矩阵的融合生成=======
=======已完成14个Ahat矩阵的融合生成=======
=======已完成15个Ahat矩阵的融合生成=======
=======已完成16个Ahat矩阵的融合生成=======
=======已完成17个Ahat矩阵的融合生成=======
=======已完成18个Ahat矩阵的融合生成=======
=======已完成19个Ahat矩阵的融合生成=======
=======已完成20个Ahat矩阵的融合生成=======
=======已完成21个Ahat矩阵的融合生成=======
=======已完成22个Ahat矩阵的融合生成=======
=======已完成23个Ahat矩阵的融合生成=======
=======已完成24个Ahat矩阵的融合生成=======
=======已完成25个Ahat矩阵的融合生成=======
=======已完成26个Ahat矩阵的融合生成=======
=======已完成27个Ahat矩阵的融合生成=======
=======已完成28个Ahat矩阵的融合生成=======
=======已完成29个Ahat矩阵的融合生成=======
=======已完成30个Ahat矩阵的融合生成=======
=======已完成31个Ahat矩阵的融合生成=======
=======已完成32个Ahat矩阵的融合生成=======
=======已完成33个Ahat矩阵的融合生成=======
=======已完成34个Ahat矩阵的融合生成=======
=======已完成35个Ahat矩阵的融合生成=======
=======已完成36个Ahat矩阵的融合生成=======
=======已完成37个Ahat矩阵的融合生成=======
=======已完成38个Ahat矩阵的融合生成=======
=======已完成39个Ahat矩阵的融合生成=======
=======已完成40个Ahat矩阵的融合生成=======
=======已完成41个Ahat矩阵的融合生成=======
=======已完成42个Ahat矩阵的融合生成=======
=======已完成43个Ahat矩阵的融合生成=======
=======已完成44个Ahat矩阵的融合生成=======
=======已完成45个Ahat矩阵的融合生成=======
=======已完成46个Ahat矩阵的融合生成=======
=======已完成47个Ahat矩阵的融合生成=======
=======已完成48个Ahat矩阵的融合生成=======
=======已完成49个Ahat矩阵的融合生成=======
*******Af_lst获取完毕，长度为50*******
=======已完成0个被试者脑图的生成=======
=======已完成1个被试者脑图的生成=======
=======已完成2个被试者脑图的生成=======
=======已完成3个被试者脑图的生成=======
=======已完成4个被试者脑图的生成=======
=======已完成5个被试者脑图的生成=======
=======已完成6个被试者脑图的生成=======
=======已完成7个被试者脑图的生成=======
=======已完成8个被试者脑图的生成=======
=======已完成9个被试者脑图的生成=======
=======已完成10个被试者脑图的生成=======
=======已完成11个被试者脑图的生成=======
=======已完成12个被试者脑图的生成=======
=======已完成13个被试者脑图的生成=======
=======已完成14个被试者脑图的生成=======
=======已完成15个被试者脑图的生成=======
=======已完成16个被试者脑图的生成=======
=======已完成17个被试者脑图的生成=======
=======已完成18个被试者脑图的生成=======
=======已完成19个被试者脑图的生成=======
=======已完成20个被试者脑图的生成=======
=======已完成21个被试者脑图的生成=======
=======已完成22个被试者脑图的生成=======
=======已完成23个被试者脑图的生成=======
=======已完成24个被试者脑图的生成=======
=======已完成25个被试者脑图的生成=======
=======已完成26个被试者脑图的生成=======
=======已完成27个被试者脑图的生成=======
=======已完成28个被试者脑图的生成=======
=======已完成29个被试者脑图的生成=======
=======已完成30个被试者脑图的生成=======
=======已完成31个被试者脑图的生成=======
=======已完成32个被试者脑图的生成=======
=======已完成33个被试者脑图的生成=======
=======已完成34个被试者脑图的生成=======
=======已完成35个被试者脑图的生成=======
=======已完成36个被试者脑图的生成=======
=======已完成37个被试者脑图的生成=======
=======已完成38个被试者脑图的生成=======
=======已完成39个被试者脑图的生成=======
=======已完成40个被试者脑图的生成=======
=======已完成41个被试者脑图的生成=======
=======已完成42个被试者脑图的生成=======
=======已完成43个被试者脑图的生成=======
=======已完成44个被试者脑图的生成=======
=======已完成45个被试者脑图的生成=======
=======已完成46个被试者脑图的生成=======
=======已完成47个被试者脑图的生成=======
=======已完成48个被试者脑图的生成=======
=======已完成49个被试者脑图的生成=======
*******Ahat_lst获取完毕，长度为50*******
Epoch: 0, Batch: 4, Train Loss:0.687
***************第0轮5批训练开始***************
=======已完成1个被试者数据的读取=======
=======已完成2个被试者数据的读取=======
=======已完成3个被试者数据的读取=======
=======已完成4个被试者数据的读取=======
=======已完成5个被试者数据的读取=======
=======已完成6个被试者数据的读取=======
=======已完成7个被试者数据的读取=======
=======已完成8个被试者数据的读取=======
=======已完成9个被试者数据的读取=======
=======已完成10个被试者数据的读取=======
=======已完成11个被试者数据的读取=======
=======已完成12个被试者数据的读取=======
=======已完成13个被试者数据的读取=======
=======已完成14个被试者数据的读取=======
=======已完成15个被试者数据的读取=======
=======已完成16个被试者数据的读取=======
=======已完成17个被试者数据的读取=======
=======已完成18个被试者数据的读取=======
=======已完成19个被试者数据的读取=======
=======已完成20个被试者数据的读取=======
=======已完成21个被试者数据的读取=======
=======已完成22个被试者数据的读取=======
=======已完成23个被试者数据的读取=======
=======已完成24个被试者数据的读取=======
=======已完成25个被试者数据的读取=======
=======已完成26个被试者数据的读取=======
=======已完成27个被试者数据的读取=======
=======已完成28个被试者数据的读取=======
=======已完成29个被试者数据的读取=======
=======已完成30个被试者数据的读取=======
=======已完成31个被试者数据的读取=======
=======已完成32个被试者数据的读取=======
=======已完成33个被试者数据的读取=======
=======已完成34个被试者数据的读取=======
=======已完成35个被试者数据的读取=======
=======已完成36个被试者数据的读取=======
=======已完成37个被试者数据的读取=======
=======已完成38个被试者数据的读取=======
=======已完成39个被试者数据的读取=======
=======已完成40个被试者数据的读取=======
=======已完成41个被试者数据的读取=======
=======已完成42个被试者数据的读取=======
=======已完成43个被试者数据的读取=======
=======已完成44个被试者数据的读取=======
=======已完成45个被试者数据的读取=======
=======已完成46个被试者数据的读取=======
=======已完成47个被试者数据的读取=======
=======已完成48个被试者数据的读取=======
=======已完成49个被试者数据的读取=======
=======已完成50个被试者数据的读取=======
*******SC_normalized_lst FUN_normalized_lst feature_matrix_lst 获取完毕，长度均为50*******
=======已完成1个Af矩阵的生成=======
=======已完成2个Af矩阵的生成=======
=======已完成3个Af矩阵的生成=======
=======已完成4个Af矩阵的生成=======
=======已完成5个Af矩阵的生成=======
=======已完成6个Af矩阵的生成=======
=======已完成7个Af矩阵的生成=======
=======已完成8个Af矩阵的生成=======
=======已完成9个Af矩阵的生成=======
=======已完成10个Af矩阵的生成=======
=======已完成11个Af矩阵的生成=======
=======已完成12个Af矩阵的生成=======
=======已完成13个Af矩阵的生成=======
=======已完成14个Af矩阵的生成=======
=======已完成15个Af矩阵的生成=======
=======已完成16个Af矩阵的生成=======
=======已完成17个Af矩阵的生成=======
=======已完成18个Af矩阵的生成=======
=======已完成19个Af矩阵的生成=======
=======已完成20个Af矩阵的生成=======
=======已完成21个Af矩阵的生成=======
=======已完成22个Af矩阵的生成=======
=======已完成23个Af矩阵的生成=======
=======已完成24个Af矩阵的生成=======
=======已完成25个Af矩阵的生成=======
=======已完成26个Af矩阵的生成=======
=======已完成27个Af矩阵的生成=======
=======已完成28个Af矩阵的生成=======
=======已完成29个Af矩阵的生成=======
=======已完成30个Af矩阵的生成=======
=======已完成31个Af矩阵的生成=======
=======已完成32个Af矩阵的生成=======
=======已完成33个Af矩阵的生成=======
=======已完成34个Af矩阵的生成=======
=======已完成35个Af矩阵的生成=======
=======已完成36个Af矩阵的生成=======
=======已完成37个Af矩阵的生成=======
=======已完成38个Af矩阵的生成=======
=======已完成39个Af矩阵的生成=======
=======已完成40个Af矩阵的生成=======
=======已完成41个Af矩阵的生成=======
=======已完成42个Af矩阵的生成=======
=======已完成43个Af矩阵的生成=======
=======已完成44个Af矩阵的生成=======
=======已完成45个Af矩阵的生成=======
=======已完成46个Af矩阵的生成=======
=======已完成47个Af矩阵的生成=======
=======已完成48个Af矩阵的生成=======
=======已完成49个Af矩阵的生成=======
=======已完成50个Af矩阵的生成=======
*******As_lst Af_lst feature_matrix_lst正常生成，列表长度均为：50*******
=======已完成0个Ahat矩阵的融合生成=======
=======已完成1个Ahat矩阵的融合生成=======
=======已完成2个Ahat矩阵的融合生成=======
=======已完成3个Ahat矩阵的融合生成=======
=======已完成4个Ahat矩阵的融合生成=======
=======已完成5个Ahat矩阵的融合生成=======
=======已完成6个Ahat矩阵的融合生成=======
=======已完成7个Ahat矩阵的融合生成=======
=======已完成8个Ahat矩阵的融合生成=======
=======已完成9个Ahat矩阵的融合生成=======
=======已完成10个Ahat矩阵的融合生成=======
=======已完成11个Ahat矩阵的融合生成=======
=======已完成12个Ahat矩阵的融合生成=======
=======已完成13个Ahat矩阵的融合生成=======
=======已完成14个Ahat矩阵的融合生成=======
=======已完成15个Ahat矩阵的融合生成=======
=======已完成16个Ahat矩阵的融合生成=======
=======已完成17个Ahat矩阵的融合生成=======
=======已完成18个Ahat矩阵的融合生成=======
=======已完成19个Ahat矩阵的融合生成=======
=======已完成20个Ahat矩阵的融合生成=======
=======已完成21个Ahat矩阵的融合生成=======
=======已完成22个Ahat矩阵的融合生成=======
=======已完成23个Ahat矩阵的融合生成=======
=======已完成24个Ahat矩阵的融合生成=======
=======已完成25个Ahat矩阵的融合生成=======
=======已完成26个Ahat矩阵的融合生成=======
=======已完成27个Ahat矩阵的融合生成=======
=======已完成28个Ahat矩阵的融合生成=======
=======已完成29个Ahat矩阵的融合生成=======
=======已完成30个Ahat矩阵的融合生成=======
=======已完成31个Ahat矩阵的融合生成=======
=======已完成32个Ahat矩阵的融合生成=======
=======已完成33个Ahat矩阵的融合生成=======
=======已完成34个Ahat矩阵的融合生成=======
=======已完成35个Ahat矩阵的融合生成=======
=======已完成36个Ahat矩阵的融合生成=======
=======已完成37个Ahat矩阵的融合生成=======
=======已完成38个Ahat矩阵的融合生成=======
=======已完成39个Ahat矩阵的融合生成=======
=======已完成40个Ahat矩阵的融合生成=======
=======已完成41个Ahat矩阵的融合生成=======
=======已完成42个Ahat矩阵的融合生成=======
=======已完成43个Ahat矩阵的融合生成=======
=======已完成44个Ahat矩阵的融合生成=======
=======已完成45个Ahat矩阵的融合生成=======
=======已完成46个Ahat矩阵的融合生成=======
=======已完成47个Ahat矩阵的融合生成=======
=======已完成48个Ahat矩阵的融合生成=======
=======已完成49个Ahat矩阵的融合生成=======
*******Af_lst获取完毕，长度为50*******
=======已完成0个被试者脑图的生成=======
=======已完成1个被试者脑图的生成=======
=======已完成2个被试者脑图的生成=======
=======已完成3个被试者脑图的生成=======
=======已完成4个被试者脑图的生成=======
=======已完成5个被试者脑图的生成=======
=======已完成6个被试者脑图的生成=======
=======已完成7个被试者脑图的生成=======
=======已完成8个被试者脑图的生成=======
=======已完成9个被试者脑图的生成=======
=======已完成10个被试者脑图的生成=======
=======已完成11个被试者脑图的生成=======
=======已完成12个被试者脑图的生成=======
=======已完成13个被试者脑图的生成=======
=======已完成14个被试者脑图的生成=======
=======已完成15个被试者脑图的生成=======
=======已完成16个被试者脑图的生成=======
=======已完成17个被试者脑图的生成=======
=======已完成18个被试者脑图的生成=======
=======已完成19个被试者脑图的生成=======
=======已完成20个被试者脑图的生成=======
=======已完成21个被试者脑图的生成=======
=======已完成22个被试者脑图的生成=======
=======已完成23个被试者脑图的生成=======
=======已完成24个被试者脑图的生成=======
=======已完成25个被试者脑图的生成=======
=======已完成26个被试者脑图的生成=======
=======已完成27个被试者脑图的生成=======
=======已完成28个被试者脑图的生成=======
=======已完成29个被试者脑图的生成=======
=======已完成30个被试者脑图的生成=======
=======已完成31个被试者脑图的生成=======
=======已完成32个被试者脑图的生成=======
=======已完成33个被试者脑图的生成=======
=======已完成34个被试者脑图的生成=======
=======已完成35个被试者脑图的生成=======
=======已完成36个被试者脑图的生成=======
=======已完成37个被试者脑图的生成=======
=======已完成38个被试者脑图的生成=======
=======已完成39个被试者脑图的生成=======
=======已完成40个被试者脑图的生成=======
=======已完成41个被试者脑图的生成=======
=======已完成42个被试者脑图的生成=======
=======已完成43个被试者脑图的生成=======
=======已完成44个被试者脑图的生成=======
=======已完成45个被试者脑图的生成=======
=======已完成46个被试者脑图的生成=======
=======已完成47个被试者脑图的生成=======
=======已完成48个被试者脑图的生成=======
=======已完成49个被试者脑图的生成=======
*******Ahat_lst获取完毕，长度为50*******
Epoch: 0, Batch: 5, Train Loss:0.683
***************第0轮6批训练开始***************
=======已完成1个被试者数据的读取=======
=======已完成2个被试者数据的读取=======
=======已完成3个被试者数据的读取=======
=======已完成4个被试者数据的读取=======
=======已完成5个被试者数据的读取=======
=======已完成6个被试者数据的读取=======
=======已完成7个被试者数据的读取=======
=======已完成8个被试者数据的读取=======
=======已完成9个被试者数据的读取=======
=======已完成10个被试者数据的读取=======
=======已完成11个被试者数据的读取=======
=======已完成12个被试者数据的读取=======
=======已完成13个被试者数据的读取=======
=======已完成14个被试者数据的读取=======
=======已完成15个被试者数据的读取=======
=======已完成16个被试者数据的读取=======
=======已完成17个被试者数据的读取=======
=======已完成18个被试者数据的读取=======
=======已完成19个被试者数据的读取=======
=======已完成20个被试者数据的读取=======
=======已完成21个被试者数据的读取=======
=======已完成22个被试者数据的读取=======
=======已完成23个被试者数据的读取=======
=======已完成24个被试者数据的读取=======
=======已完成25个被试者数据的读取=======
=======已完成26个被试者数据的读取=======
=======已完成27个被试者数据的读取=======
=======已完成28个被试者数据的读取=======
=======已完成29个被试者数据的读取=======
=======已完成30个被试者数据的读取=======
=======已完成31个被试者数据的读取=======
=======已完成32个被试者数据的读取=======
=======已完成33个被试者数据的读取=======
=======已完成34个被试者数据的读取=======
=======已完成35个被试者数据的读取=======
=======已完成36个被试者数据的读取=======
=======已完成37个被试者数据的读取=======
=======已完成38个被试者数据的读取=======
=======已完成39个被试者数据的读取=======
=======已完成40个被试者数据的读取=======
=======已完成41个被试者数据的读取=======
=======已完成42个被试者数据的读取=======
=======已完成43个被试者数据的读取=======
=======已完成44个被试者数据的读取=======
=======已完成45个被试者数据的读取=======
=======已完成46个被试者数据的读取=======
=======已完成47个被试者数据的读取=======
=======已完成48个被试者数据的读取=======
=======已完成49个被试者数据的读取=======
=======已完成50个被试者数据的读取=======
*******SC_normalized_lst FUN_normalized_lst feature_matrix_lst 获取完毕，长度均为50*******
=======已完成1个Af矩阵的生成=======
=======已完成2个Af矩阵的生成=======
=======已完成3个Af矩阵的生成=======
=======已完成4个Af矩阵的生成=======
=======已完成5个Af矩阵的生成=======
=======已完成6个Af矩阵的生成=======
=======已完成7个Af矩阵的生成=======
=======已完成8个Af矩阵的生成=======
=======已完成9个Af矩阵的生成=======
=======已完成10个Af矩阵的生成=======
=======已完成11个Af矩阵的生成=======
=======已完成12个Af矩阵的生成=======
=======已完成13个Af矩阵的生成=======
=======已完成14个Af矩阵的生成=======
=======已完成15个Af矩阵的生成=======
=======已完成16个Af矩阵的生成=======
=======已完成17个Af矩阵的生成=======
=======已完成18个Af矩阵的生成=======
=======已完成19个Af矩阵的生成=======
=======已完成20个Af矩阵的生成=======
=======已完成21个Af矩阵的生成=======
=======已完成22个Af矩阵的生成=======
=======已完成23个Af矩阵的生成=======
=======已完成24个Af矩阵的生成=======
=======已完成25个Af矩阵的生成=======
=======已完成26个Af矩阵的生成=======
=======已完成27个Af矩阵的生成=======
=======已完成28个Af矩阵的生成=======
=======已完成29个Af矩阵的生成=======
=======已完成30个Af矩阵的生成=======
=======已完成31个Af矩阵的生成=======
=======已完成32个Af矩阵的生成=======
=======已完成33个Af矩阵的生成=======
=======已完成34个Af矩阵的生成=======
=======已完成35个Af矩阵的生成=======
=======已完成36个Af矩阵的生成=======
=======已完成37个Af矩阵的生成=======
=======已完成38个Af矩阵的生成=======
=======已完成39个Af矩阵的生成=======
=======已完成40个Af矩阵的生成=======
=======已完成41个Af矩阵的生成=======
=======已完成42个Af矩阵的生成=======
=======已完成43个Af矩阵的生成=======
=======已完成44个Af矩阵的生成=======
=======已完成45个Af矩阵的生成=======
=======已完成46个Af矩阵的生成=======
=======已完成47个Af矩阵的生成=======
=======已完成48个Af矩阵的生成=======
=======已完成49个Af矩阵的生成=======
=======已完成50个Af矩阵的生成=======
*******As_lst Af_lst feature_matrix_lst正常生成，列表长度均为：50*******
=======已完成0个Ahat矩阵的融合生成=======
=======已完成1个Ahat矩阵的融合生成=======
=======已完成2个Ahat矩阵的融合生成=======
=======已完成3个Ahat矩阵的融合生成=======
=======已完成4个Ahat矩阵的融合生成=======
=======已完成5个Ahat矩阵的融合生成=======
=======已完成6个Ahat矩阵的融合生成=======
=======已完成7个Ahat矩阵的融合生成=======
=======已完成8个Ahat矩阵的融合生成=======
=======已完成9个Ahat矩阵的融合生成=======
=======已完成10个Ahat矩阵的融合生成=======
=======已完成11个Ahat矩阵的融合生成=======
=======已完成12个Ahat矩阵的融合生成=======
=======已完成13个Ahat矩阵的融合生成=======
=======已完成14个Ahat矩阵的融合生成=======
=======已完成15个Ahat矩阵的融合生成=======
=======已完成16个Ahat矩阵的融合生成=======
=======已完成17个Ahat矩阵的融合生成=======
=======已完成18个Ahat矩阵的融合生成=======
=======已完成19个Ahat矩阵的融合生成=======
=======已完成20个Ahat矩阵的融合生成=======
=======已完成21个Ahat矩阵的融合生成=======
=======已完成22个Ahat矩阵的融合生成=======
=======已完成23个Ahat矩阵的融合生成=======
=======已完成24个Ahat矩阵的融合生成=======
=======已完成25个Ahat矩阵的融合生成=======
=======已完成26个Ahat矩阵的融合生成=======
=======已完成27个Ahat矩阵的融合生成=======
=======已完成28个Ahat矩阵的融合生成=======
=======已完成29个Ahat矩阵的融合生成=======
=======已完成30个Ahat矩阵的融合生成=======
=======已完成31个Ahat矩阵的融合生成=======
=======已完成32个Ahat矩阵的融合生成=======
=======已完成33个Ahat矩阵的融合生成=======
=======已完成34个Ahat矩阵的融合生成=======
=======已完成35个Ahat矩阵的融合生成=======
=======已完成36个Ahat矩阵的融合生成=======
=======已完成37个Ahat矩阵的融合生成=======
=======已完成38个Ahat矩阵的融合生成=======
=======已完成39个Ahat矩阵的融合生成=======
=======已完成40个Ahat矩阵的融合生成=======
=======已完成41个Ahat矩阵的融合生成=======
=======已完成42个Ahat矩阵的融合生成=======
=======已完成43个Ahat矩阵的融合生成=======
=======已完成44个Ahat矩阵的融合生成=======
=======已完成45个Ahat矩阵的融合生成=======
=======已完成46个Ahat矩阵的融合生成=======
=======已完成47个Ahat矩阵的融合生成=======
=======已完成48个Ahat矩阵的融合生成=======
=======已完成49个Ahat矩阵的融合生成=======
*******Af_lst获取完毕，长度为50*******
=======已完成0个被试者脑图的生成=======
=======已完成1个被试者脑图的生成=======
=======已完成2个被试者脑图的生成=======
=======已完成3个被试者脑图的生成=======
=======已完成4个被试者脑图的生成=======
=======已完成5个被试者脑图的生成=======
=======已完成6个被试者脑图的生成=======
=======已完成7个被试者脑图的生成=======
=======已完成8个被试者脑图的生成=======
=======已完成9个被试者脑图的生成=======
=======已完成10个被试者脑图的生成=======
=======已完成11个被试者脑图的生成=======
=======已完成12个被试者脑图的生成=======
=======已完成13个被试者脑图的生成=======
=======已完成14个被试者脑图的生成=======
=======已完成15个被试者脑图的生成=======
=======已完成16个被试者脑图的生成=======
=======已完成17个被试者脑图的生成=======
=======已完成18个被试者脑图的生成=======
=======已完成19个被试者脑图的生成=======
=======已完成20个被试者脑图的生成=======
=======已完成21个被试者脑图的生成=======
=======已完成22个被试者脑图的生成=======
=======已完成23个被试者脑图的生成=======
=======已完成24个被试者脑图的生成=======
=======已完成25个被试者脑图的生成=======
=======已完成26个被试者脑图的生成=======
=======已完成27个被试者脑图的生成=======
=======已完成28个被试者脑图的生成=======
=======已完成29个被试者脑图的生成=======
=======已完成30个被试者脑图的生成=======
=======已完成31个被试者脑图的生成=======
=======已完成32个被试者脑图的生成=======
=======已完成33个被试者脑图的生成=======
=======已完成34个被试者脑图的生成=======
=======已完成35个被试者脑图的生成=======
=======已完成36个被试者脑图的生成=======
=======已完成37个被试者脑图的生成=======
=======已完成38个被试者脑图的生成=======
=======已完成39个被试者脑图的生成=======
=======已完成40个被试者脑图的生成=======
=======已完成41个被试者脑图的生成=======
=======已完成42个被试者脑图的生成=======
=======已完成43个被试者脑图的生成=======
=======已完成44个被试者脑图的生成=======
=======已完成45个被试者脑图的生成=======
=======已完成46个被试者脑图的生成=======
=======已完成47个被试者脑图的生成=======
=======已完成48个被试者脑图的生成=======
=======已完成49个被试者脑图的生成=======
*******Ahat_lst获取完毕，长度为50*******
Epoch: 0, Batch: 6, Train Loss:0.678
***************第0轮7批训练开始***************
=======已完成1个被试者数据的读取=======
=======已完成2个被试者数据的读取=======
=======已完成3个被试者数据的读取=======
=======已完成4个被试者数据的读取=======
=======已完成5个被试者数据的读取=======
=======已完成6个被试者数据的读取=======
=======已完成7个被试者数据的读取=======
=======已完成8个被试者数据的读取=======
=======已完成9个被试者数据的读取=======
=======已完成10个被试者数据的读取=======
=======已完成11个被试者数据的读取=======
=======已完成12个被试者数据的读取=======
=======已完成13个被试者数据的读取=======
=======已完成14个被试者数据的读取=======
=======已完成15个被试者数据的读取=======
=======已完成16个被试者数据的读取=======
=======已完成17个被试者数据的读取=======
=======已完成18个被试者数据的读取=======
=======已完成19个被试者数据的读取=======
=======已完成20个被试者数据的读取=======
=======已完成21个被试者数据的读取=======
=======已完成22个被试者数据的读取=======
=======已完成23个被试者数据的读取=======
=======已完成24个被试者数据的读取=======
=======已完成25个被试者数据的读取=======
=======已完成26个被试者数据的读取=======
=======已完成27个被试者数据的读取=======
=======已完成28个被试者数据的读取=======
=======已完成29个被试者数据的读取=======
=======已完成30个被试者数据的读取=======
=======已完成31个被试者数据的读取=======
=======已完成32个被试者数据的读取=======
=======已完成33个被试者数据的读取=======
=======已完成34个被试者数据的读取=======
=======已完成35个被试者数据的读取=======
=======已完成36个被试者数据的读取=======
=======已完成37个被试者数据的读取=======
=======已完成38个被试者数据的读取=======
=======已完成39个被试者数据的读取=======
=======已完成40个被试者数据的读取=======
=======已完成41个被试者数据的读取=======
=======已完成42个被试者数据的读取=======
=======已完成43个被试者数据的读取=======
=======已完成44个被试者数据的读取=======
=======已完成45个被试者数据的读取=======
=======已完成46个被试者数据的读取=======
=======已完成47个被试者数据的读取=======
=======已完成48个被试者数据的读取=======
=======已完成49个被试者数据的读取=======
=======已完成50个被试者数据的读取=======
*******SC_normalized_lst FUN_normalized_lst feature_matrix_lst 获取完毕，长度均为50*******
=======已完成1个Af矩阵的生成=======
=======已完成2个Af矩阵的生成=======
=======已完成3个Af矩阵的生成=======
=======已完成4个Af矩阵的生成=======
=======已完成5个Af矩阵的生成=======
=======已完成6个Af矩阵的生成=======
=======已完成7个Af矩阵的生成=======
=======已完成8个Af矩阵的生成=======
=======已完成9个Af矩阵的生成=======
=======已完成10个Af矩阵的生成=======
=======已完成11个Af矩阵的生成=======
=======已完成12个Af矩阵的生成=======
=======已完成13个Af矩阵的生成=======
=======已完成14个Af矩阵的生成=======
=======已完成15个Af矩阵的生成=======
=======已完成16个Af矩阵的生成=======
=======已完成17个Af矩阵的生成=======
=======已完成18个Af矩阵的生成=======
=======已完成19个Af矩阵的生成=======
=======已完成20个Af矩阵的生成=======
=======已完成21个Af矩阵的生成=======
=======已完成22个Af矩阵的生成=======
=======已完成23个Af矩阵的生成=======
=======已完成24个Af矩阵的生成=======
=======已完成25个Af矩阵的生成=======
=======已完成26个Af矩阵的生成=======
=======已完成27个Af矩阵的生成=======
=======已完成28个Af矩阵的生成=======
=======已完成29个Af矩阵的生成=======
=======已完成30个Af矩阵的生成=======
=======已完成31个Af矩阵的生成=======
=======已完成32个Af矩阵的生成=======
=======已完成33个Af矩阵的生成=======
=======已完成34个Af矩阵的生成=======
=======已完成35个Af矩阵的生成=======
=======已完成36个Af矩阵的生成=======
=======已完成37个Af矩阵的生成=======
=======已完成38个Af矩阵的生成=======
=======已完成39个Af矩阵的生成=======
=======已完成40个Af矩阵的生成=======
=======已完成41个Af矩阵的生成=======
=======已完成42个Af矩阵的生成=======
=======已完成43个Af矩阵的生成=======
=======已完成44个Af矩阵的生成=======
=======已完成45个Af矩阵的生成=======
=======已完成46个Af矩阵的生成=======
=======已完成47个Af矩阵的生成=======
=======已完成48个Af矩阵的生成=======
=======已完成49个Af矩阵的生成=======
=======已完成50个Af矩阵的生成=======
*******As_lst Af_lst feature_matrix_lst正常生成，列表长度均为：50*******
=======已完成0个Ahat矩阵的融合生成=======
=======已完成1个Ahat矩阵的融合生成=======
=======已完成2个Ahat矩阵的融合生成=======
=======已完成3个Ahat矩阵的融合生成=======
=======已完成4个Ahat矩阵的融合生成=======
=======已完成5个Ahat矩阵的融合生成=======
=======已完成6个Ahat矩阵的融合生成=======
=======已完成7个Ahat矩阵的融合生成=======
=======已完成8个Ahat矩阵的融合生成=======
=======已完成9个Ahat矩阵的融合生成=======
=======已完成10个Ahat矩阵的融合生成=======
=======已完成11个Ahat矩阵的融合生成=======
=======已完成12个Ahat矩阵的融合生成=======
=======已完成13个Ahat矩阵的融合生成=======
=======已完成14个Ahat矩阵的融合生成=======
=======已完成15个Ahat矩阵的融合生成=======
=======已完成16个Ahat矩阵的融合生成=======
=======已完成17个Ahat矩阵的融合生成=======
=======已完成18个Ahat矩阵的融合生成=======
=======已完成19个Ahat矩阵的融合生成=======
=======已完成20个Ahat矩阵的融合生成=======
=======已完成21个Ahat矩阵的融合生成=======
=======已完成22个Ahat矩阵的融合生成=======
=======已完成23个Ahat矩阵的融合生成=======
=======已完成24个Ahat矩阵的融合生成=======
=======已完成25个Ahat矩阵的融合生成=======
=======已完成26个Ahat矩阵的融合生成=======
=======已完成27个Ahat矩阵的融合生成=======
=======已完成28个Ahat矩阵的融合生成=======
=======已完成29个Ahat矩阵的融合生成=======
=======已完成30个Ahat矩阵的融合生成=======
=======已完成31个Ahat矩阵的融合生成=======
=======已完成32个Ahat矩阵的融合生成=======
=======已完成33个Ahat矩阵的融合生成=======
=======已完成34个Ahat矩阵的融合生成=======
=======已完成35个Ahat矩阵的融合生成=======
=======已完成36个Ahat矩阵的融合生成=======
=======已完成37个Ahat矩阵的融合生成=======
=======已完成38个Ahat矩阵的融合生成=======
=======已完成39个Ahat矩阵的融合生成=======
=======已完成40个Ahat矩阵的融合生成=======
=======已完成41个Ahat矩阵的融合生成=======
=======已完成42个Ahat矩阵的融合生成=======
=======已完成43个Ahat矩阵的融合生成=======
=======已完成44个Ahat矩阵的融合生成=======
=======已完成45个Ahat矩阵的融合生成=======
=======已完成46个Ahat矩阵的融合生成=======
=======已完成47个Ahat矩阵的融合生成=======
=======已完成48个Ahat矩阵的融合生成=======
=======已完成49个Ahat矩阵的融合生成=======
*******Af_lst获取完毕，长度为50*******
=======已完成0个被试者脑图的生成=======
=======已完成1个被试者脑图的生成=======
=======已完成2个被试者脑图的生成=======
=======已完成3个被试者脑图的生成=======
=======已完成4个被试者脑图的生成=======
=======已完成5个被试者脑图的生成=======
=======已完成6个被试者脑图的生成=======
=======已完成7个被试者脑图的生成=======
=======已完成8个被试者脑图的生成=======
=======已完成9个被试者脑图的生成=======
=======已完成10个被试者脑图的生成=======
=======已完成11个被试者脑图的生成=======
=======已完成12个被试者脑图的生成=======
=======已完成13个被试者脑图的生成=======
=======已完成14个被试者脑图的生成=======
=======已完成15个被试者脑图的生成=======
=======已完成16个被试者脑图的生成=======
=======已完成17个被试者脑图的生成=======
=======已完成18个被试者脑图的生成=======
=======已完成19个被试者脑图的生成=======
=======已完成20个被试者脑图的生成=======
=======已完成21个被试者脑图的生成=======
=======已完成22个被试者脑图的生成=======
=======已完成23个被试者脑图的生成=======
=======已完成24个被试者脑图的生成=======
=======已完成25个被试者脑图的生成=======
=======已完成26个被试者脑图的生成=======
=======已完成27个被试者脑图的生成=======
=======已完成28个被试者脑图的生成=======
=======已完成29个被试者脑图的生成=======
=======已完成30个被试者脑图的生成=======
=======已完成31个被试者脑图的生成=======
=======已完成32个被试者脑图的生成=======
=======已完成33个被试者脑图的生成=======
=======已完成34个被试者脑图的生成=======
=======已完成35个被试者脑图的生成=======
=======已完成36个被试者脑图的生成=======
=======已完成37个被试者脑图的生成=======
=======已完成38个被试者脑图的生成=======
=======已完成39个被试者脑图的生成=======
=======已完成40个被试者脑图的生成=======
=======已完成41个被试者脑图的生成=======
=======已完成42个被试者脑图的生成=======
=======已完成43个被试者脑图的生成=======
=======已完成44个被试者脑图的生成=======
=======已完成45个被试者脑图的生成=======
=======已完成46个被试者脑图的生成=======
=======已完成47个被试者脑图的生成=======
=======已完成48个被试者脑图的生成=======
=======已完成49个被试者脑图的生成=======
*******Ahat_lst获取完毕，长度为50*******
Epoch: 0, Batch: 7, Train Loss:0.679
***************第0轮8批训练开始***************
=======已完成1个被试者数据的读取=======
=======已完成2个被试者数据的读取=======
=======已完成3个被试者数据的读取=======
=======已完成4个被试者数据的读取=======
=======已完成5个被试者数据的读取=======
=======已完成6个被试者数据的读取=======
=======已完成7个被试者数据的读取=======
=======已完成8个被试者数据的读取=======
=======已完成9个被试者数据的读取=======
=======已完成10个被试者数据的读取=======
=======已完成11个被试者数据的读取=======
=======已完成12个被试者数据的读取=======
=======已完成13个被试者数据的读取=======
=======已完成14个被试者数据的读取=======
=======已完成15个被试者数据的读取=======
=======已完成16个被试者数据的读取=======
=======已完成17个被试者数据的读取=======
=======已完成18个被试者数据的读取=======
=======已完成19个被试者数据的读取=======
=======已完成20个被试者数据的读取=======
=======已完成21个被试者数据的读取=======
=======已完成22个被试者数据的读取=======
=======已完成23个被试者数据的读取=======
=======已完成24个被试者数据的读取=======
=======已完成25个被试者数据的读取=======
=======已完成26个被试者数据的读取=======
=======已完成27个被试者数据的读取=======
=======已完成28个被试者数据的读取=======
=======已完成29个被试者数据的读取=======
=======已完成30个被试者数据的读取=======
=======已完成31个被试者数据的读取=======
=======已完成32个被试者数据的读取=======
=======已完成33个被试者数据的读取=======
=======已完成34个被试者数据的读取=======
=======已完成35个被试者数据的读取=======
=======已完成36个被试者数据的读取=======
=======已完成37个被试者数据的读取=======
=======已完成38个被试者数据的读取=======
=======已完成39个被试者数据的读取=======
=======已完成40个被试者数据的读取=======
=======已完成41个被试者数据的读取=======
=======已完成42个被试者数据的读取=======
=======已完成43个被试者数据的读取=======
=======已完成44个被试者数据的读取=======
=======已完成45个被试者数据的读取=======
=======已完成46个被试者数据的读取=======
=======已完成47个被试者数据的读取=======
=======已完成48个被试者数据的读取=======
=======已完成49个被试者数据的读取=======
=======已完成50个被试者数据的读取=======
*******SC_normalized_lst FUN_normalized_lst feature_matrix_lst 获取完毕，长度均为50*******
=======已完成1个Af矩阵的生成=======
=======已完成2个Af矩阵的生成=======
=======已完成3个Af矩阵的生成=======
=======已完成4个Af矩阵的生成=======
=======已完成5个Af矩阵的生成=======
=======已完成6个Af矩阵的生成=======
=======已完成7个Af矩阵的生成=======
=======已完成8个Af矩阵的生成=======
=======已完成9个Af矩阵的生成=======
=======已完成10个Af矩阵的生成=======
=======已完成11个Af矩阵的生成=======
=======已完成12个Af矩阵的生成=======
=======已完成13个Af矩阵的生成=======
=======已完成14个Af矩阵的生成=======
=======已完成15个Af矩阵的生成=======
=======已完成16个Af矩阵的生成=======
=======已完成17个Af矩阵的生成=======
=======已完成18个Af矩阵的生成=======
=======已完成19个Af矩阵的生成=======
=======已完成20个Af矩阵的生成=======
=======已完成21个Af矩阵的生成=======
=======已完成22个Af矩阵的生成=======
=======已完成23个Af矩阵的生成=======
=======已完成24个Af矩阵的生成=======
=======已完成25个Af矩阵的生成=======
=======已完成26个Af矩阵的生成=======
=======已完成27个Af矩阵的生成=======
=======已完成28个Af矩阵的生成=======
=======已完成29个Af矩阵的生成=======
=======已完成30个Af矩阵的生成=======
=======已完成31个Af矩阵的生成=======
=======已完成32个Af矩阵的生成=======
=======已完成33个Af矩阵的生成=======
=======已完成34个Af矩阵的生成=======
=======已完成35个Af矩阵的生成=======
=======已完成36个Af矩阵的生成=======
=======已完成37个Af矩阵的生成=======
=======已完成38个Af矩阵的生成=======
=======已完成39个Af矩阵的生成=======
=======已完成40个Af矩阵的生成=======
=======已完成41个Af矩阵的生成=======
=======已完成42个Af矩阵的生成=======
=======已完成43个Af矩阵的生成=======
=======已完成44个Af矩阵的生成=======
=======已完成45个Af矩阵的生成=======
=======已完成46个Af矩阵的生成=======
=======已完成47个Af矩阵的生成=======
=======已完成48个Af矩阵的生成=======
=======已完成49个Af矩阵的生成=======
=======已完成50个Af矩阵的生成=======
*******As_lst Af_lst feature_matrix_lst正常生成，列表长度均为：50*******
=======已完成0个Ahat矩阵的融合生成=======
=======已完成1个Ahat矩阵的融合生成=======
=======已完成2个Ahat矩阵的融合生成=======
=======已完成3个Ahat矩阵的融合生成=======
=======已完成4个Ahat矩阵的融合生成=======
=======已完成5个Ahat矩阵的融合生成=======
=======已完成6个Ahat矩阵的融合生成=======
=======已完成7个Ahat矩阵的融合生成=======
=======已完成8个Ahat矩阵的融合生成=======
=======已完成9个Ahat矩阵的融合生成=======
=======已完成10个Ahat矩阵的融合生成=======
=======已完成11个Ahat矩阵的融合生成=======
=======已完成12个Ahat矩阵的融合生成=======
=======已完成13个Ahat矩阵的融合生成=======
=======已完成14个Ahat矩阵的融合生成=======
=======已完成15个Ahat矩阵的融合生成=======
=======已完成16个Ahat矩阵的融合生成=======
=======已完成17个Ahat矩阵的融合生成=======
=======已完成18个Ahat矩阵的融合生成=======
=======已完成19个Ahat矩阵的融合生成=======
=======已完成20个Ahat矩阵的融合生成=======
=======已完成21个Ahat矩阵的融合生成=======
=======已完成22个Ahat矩阵的融合生成=======
=======已完成23个Ahat矩阵的融合生成=======
=======已完成24个Ahat矩阵的融合生成=======
=======已完成25个Ahat矩阵的融合生成=======
=======已完成26个Ahat矩阵的融合生成=======
=======已完成27个Ahat矩阵的融合生成=======
=======已完成28个Ahat矩阵的融合生成=======
=======已完成29个Ahat矩阵的融合生成=======
=======已完成30个Ahat矩阵的融合生成=======
=======已完成31个Ahat矩阵的融合生成=======
=======已完成32个Ahat矩阵的融合生成=======
=======已完成33个Ahat矩阵的融合生成=======
=======已完成34个Ahat矩阵的融合生成=======
=======已完成35个Ahat矩阵的融合生成=======
=======已完成36个Ahat矩阵的融合生成=======
=======已完成37个Ahat矩阵的融合生成=======
=======已完成38个Ahat矩阵的融合生成=======
=======已完成39个Ahat矩阵的融合生成=======
=======已完成40个Ahat矩阵的融合生成=======
=======已完成41个Ahat矩阵的融合生成=======
=======已完成42个Ahat矩阵的融合生成=======
=======已完成43个Ahat矩阵的融合生成=======
=======已完成44个Ahat矩阵的融合生成=======
=======已完成45个Ahat矩阵的融合生成=======
=======已完成46个Ahat矩阵的融合生成=======
=======已完成47个Ahat矩阵的融合生成=======
=======已完成48个Ahat矩阵的融合生成=======
=======已完成49个Ahat矩阵的融合生成=======
*******Af_lst获取完毕，长度为50*******
=======已完成0个被试者脑图的生成=======
=======已完成1个被试者脑图的生成=======
=======已完成2个被试者脑图的生成=======
=======已完成3个被试者脑图的生成=======
=======已完成4个被试者脑图的生成=======
=======已完成5个被试者脑图的生成=======
=======已完成6个被试者脑图的生成=======
=======已完成7个被试者脑图的生成=======
=======已完成8个被试者脑图的生成=======
=======已完成9个被试者脑图的生成=======
=======已完成10个被试者脑图的生成=======
=======已完成11个被试者脑图的生成=======
=======已完成12个被试者脑图的生成=======
=======已完成13个被试者脑图的生成=======
=======已完成14个被试者脑图的生成=======
=======已完成15个被试者脑图的生成=======
=======已完成16个被试者脑图的生成=======
=======已完成17个被试者脑图的生成=======
=======已完成18个被试者脑图的生成=======
=======已完成19个被试者脑图的生成=======
=======已完成20个被试者脑图的生成=======
=======已完成21个被试者脑图的生成=======
=======已完成22个被试者脑图的生成=======
=======已完成23个被试者脑图的生成=======
=======已完成24个被试者脑图的生成=======
=======已完成25个被试者脑图的生成=======
=======已完成26个被试者脑图的生成=======
=======已完成27个被试者脑图的生成=======
=======已完成28个被试者脑图的生成=======
=======已完成29个被试者脑图的生成=======
=======已完成30个被试者脑图的生成=======
=======已完成31个被试者脑图的生成=======
=======已完成32个被试者脑图的生成=======
=======已完成33个被试者脑图的生成=======
=======已完成34个被试者脑图的生成=======
=======已完成35个被试者脑图的生成=======
=======已完成36个被试者脑图的生成=======
=======已完成37个被试者脑图的生成=======
=======已完成38个被试者脑图的生成=======
=======已完成39个被试者脑图的生成=======
=======已完成40个被试者脑图的生成=======
=======已完成41个被试者脑图的生成=======
=======已完成42个被试者脑图的生成=======
=======已完成43个被试者脑图的生成=======
=======已完成44个被试者脑图的生成=======
=======已完成45个被试者脑图的生成=======
=======已完成46个被试者脑图的生成=======
=======已完成47个被试者脑图的生成=======
=======已完成48个被试者脑图的生成=======
=======已完成49个被试者脑图的生成=======
*******Ahat_lst获取完毕，长度为50*******
Epoch: 0, Batch: 8, Train Loss:0.678
***************第0轮9批训练开始***************
=======已完成1个被试者数据的读取=======
=======已完成2个被试者数据的读取=======
=======已完成3个被试者数据的读取=======
=======已完成4个被试者数据的读取=======
=======已完成5个被试者数据的读取=======
=======已完成6个被试者数据的读取=======
=======已完成7个被试者数据的读取=======
=======已完成8个被试者数据的读取=======
=======已完成9个被试者数据的读取=======
=======已完成10个被试者数据的读取=======
=======已完成11个被试者数据的读取=======
=======已完成12个被试者数据的读取=======
=======已完成13个被试者数据的读取=======
=======已完成14个被试者数据的读取=======
=======已完成15个被试者数据的读取=======
=======已完成16个被试者数据的读取=======
=======已完成17个被试者数据的读取=======
=======已完成18个被试者数据的读取=======
=======已完成19个被试者数据的读取=======
=======已完成20个被试者数据的读取=======
=======已完成21个被试者数据的读取=======
=======已完成22个被试者数据的读取=======
=======已完成23个被试者数据的读取=======
=======已完成24个被试者数据的读取=======
=======已完成25个被试者数据的读取=======
=======已完成26个被试者数据的读取=======
=======已完成27个被试者数据的读取=======
=======已完成28个被试者数据的读取=======
=======已完成29个被试者数据的读取=======
=======已完成30个被试者数据的读取=======
=======已完成31个被试者数据的读取=======
=======已完成32个被试者数据的读取=======
=======已完成33个被试者数据的读取=======
=======已完成34个被试者数据的读取=======
=======已完成35个被试者数据的读取=======
=======已完成36个被试者数据的读取=======
=======已完成37个被试者数据的读取=======
=======已完成38个被试者数据的读取=======
=======已完成39个被试者数据的读取=======
=======已完成40个被试者数据的读取=======
=======已完成41个被试者数据的读取=======
=======已完成42个被试者数据的读取=======
=======已完成43个被试者数据的读取=======
=======已完成44个被试者数据的读取=======
=======已完成45个被试者数据的读取=======
=======已完成46个被试者数据的读取=======
=======已完成47个被试者数据的读取=======
=======已完成48个被试者数据的读取=======
=======已完成49个被试者数据的读取=======
=======已完成50个被试者数据的读取=======
*******SC_normalized_lst FUN_normalized_lst feature_matrix_lst 获取完毕，长度均为50*******
=======已完成1个Af矩阵的生成=======
=======已完成2个Af矩阵的生成=======
=======已完成3个Af矩阵的生成=======
=======已完成4个Af矩阵的生成=======
=======已完成5个Af矩阵的生成=======
=======已完成6个Af矩阵的生成=======
=======已完成7个Af矩阵的生成=======
=======已完成8个Af矩阵的生成=======
=======已完成9个Af矩阵的生成=======
=======已完成10个Af矩阵的生成=======
=======已完成11个Af矩阵的生成=======
=======已完成12个Af矩阵的生成=======
=======已完成13个Af矩阵的生成=======
=======已完成14个Af矩阵的生成=======
=======已完成15个Af矩阵的生成=======
=======已完成16个Af矩阵的生成=======
=======已完成17个Af矩阵的生成=======
=======已完成18个Af矩阵的生成=======
=======已完成19个Af矩阵的生成=======
=======已完成20个Af矩阵的生成=======
=======已完成21个Af矩阵的生成=======
=======已完成22个Af矩阵的生成=======
=======已完成23个Af矩阵的生成=======
=======已完成24个Af矩阵的生成=======
=======已完成25个Af矩阵的生成=======
=======已完成26个Af矩阵的生成=======
=======已完成27个Af矩阵的生成=======
=======已完成28个Af矩阵的生成=======
=======已完成29个Af矩阵的生成=======
=======已完成30个Af矩阵的生成=======
=======已完成31个Af矩阵的生成=======
=======已完成32个Af矩阵的生成=======
=======已完成33个Af矩阵的生成=======
=======已完成34个Af矩阵的生成=======
=======已完成35个Af矩阵的生成=======
=======已完成36个Af矩阵的生成=======
=======已完成37个Af矩阵的生成=======
=======已完成38个Af矩阵的生成=======
=======已完成39个Af矩阵的生成=======
=======已完成40个Af矩阵的生成=======
=======已完成41个Af矩阵的生成=======
=======已完成42个Af矩阵的生成=======
=======已完成43个Af矩阵的生成=======
=======已完成44个Af矩阵的生成=======
=======已完成45个Af矩阵的生成=======
=======已完成46个Af矩阵的生成=======
=======已完成47个Af矩阵的生成=======
=======已完成48个Af矩阵的生成=======
=======已完成49个Af矩阵的生成=======
=======已完成50个Af矩阵的生成=======
*******As_lst Af_lst feature_matrix_lst正常生成，列表长度均为：50*******
=======已完成0个Ahat矩阵的融合生成=======
=======已完成1个Ahat矩阵的融合生成=======
=======已完成2个Ahat矩阵的融合生成=======
=======已完成3个Ahat矩阵的融合生成=======
=======已完成4个Ahat矩阵的融合生成=======
=======已完成5个Ahat矩阵的融合生成=======
=======已完成6个Ahat矩阵的融合生成=======
=======已完成7个Ahat矩阵的融合生成=======
=======已完成8个Ahat矩阵的融合生成=======
=======已完成9个Ahat矩阵的融合生成=======
=======已完成10个Ahat矩阵的融合生成=======
=======已完成11个Ahat矩阵的融合生成=======
=======已完成12个Ahat矩阵的融合生成=======
=======已完成13个Ahat矩阵的融合生成=======
=======已完成14个Ahat矩阵的融合生成=======
=======已完成15个Ahat矩阵的融合生成=======
=======已完成16个Ahat矩阵的融合生成=======
=======已完成17个Ahat矩阵的融合生成=======
=======已完成18个Ahat矩阵的融合生成=======
=======已完成19个Ahat矩阵的融合生成=======
=======已完成20个Ahat矩阵的融合生成=======
=======已完成21个Ahat矩阵的融合生成=======
=======已完成22个Ahat矩阵的融合生成=======
=======已完成23个Ahat矩阵的融合生成=======
=======已完成24个Ahat矩阵的融合生成=======
=======已完成25个Ahat矩阵的融合生成=======
=======已完成26个Ahat矩阵的融合生成=======
=======已完成27个Ahat矩阵的融合生成=======
=======已完成28个Ahat矩阵的融合生成=======
=======已完成29个Ahat矩阵的融合生成=======
=======已完成30个Ahat矩阵的融合生成=======
=======已完成31个Ahat矩阵的融合生成=======
=======已完成32个Ahat矩阵的融合生成=======
=======已完成33个Ahat矩阵的融合生成=======
=======已完成34个Ahat矩阵的融合生成=======
=======已完成35个Ahat矩阵的融合生成=======
=======已完成36个Ahat矩阵的融合生成=======
=======已完成37个Ahat矩阵的融合生成=======
=======已完成38个Ahat矩阵的融合生成=======
=======已完成39个Ahat矩阵的融合生成=======
=======已完成40个Ahat矩阵的融合生成=======
=======已完成41个Ahat矩阵的融合生成=======
=======已完成42个Ahat矩阵的融合生成=======
=======已完成43个Ahat矩阵的融合生成=======
=======已完成44个Ahat矩阵的融合生成=======
=======已完成45个Ahat矩阵的融合生成=======
=======已完成46个Ahat矩阵的融合生成=======
=======已完成47个Ahat矩阵的融合生成=======
=======已完成48个Ahat矩阵的融合生成=======
=======已完成49个Ahat矩阵的融合生成=======
*******Af_lst获取完毕，长度为50*******
=======已完成0个被试者脑图的生成=======
=======已完成1个被试者脑图的生成=======
=======已完成2个被试者脑图的生成=======
=======已完成3个被试者脑图的生成=======
=======已完成4个被试者脑图的生成=======
=======已完成5个被试者脑图的生成=======
=======已完成6个被试者脑图的生成=======
=======已完成7个被试者脑图的生成=======
=======已完成8个被试者脑图的生成=======
=======已完成9个被试者脑图的生成=======
=======已完成10个被试者脑图的生成=======
=======已完成11个被试者脑图的生成=======
=======已完成12个被试者脑图的生成=======
=======已完成13个被试者脑图的生成=======
=======已完成14个被试者脑图的生成=======
=======已完成15个被试者脑图的生成=======
=======已完成16个被试者脑图的生成=======
=======已完成17个被试者脑图的生成=======
=======已完成18个被试者脑图的生成=======
=======已完成19个被试者脑图的生成=======
=======已完成20个被试者脑图的生成=======
=======已完成21个被试者脑图的生成=======
=======已完成22个被试者脑图的生成=======
=======已完成23个被试者脑图的生成=======
=======已完成24个被试者脑图的生成=======
=======已完成25个被试者脑图的生成=======
=======已完成26个被试者脑图的生成=======
=======已完成27个被试者脑图的生成=======
=======已完成28个被试者脑图的生成=======
=======已完成29个被试者脑图的生成=======
=======已完成30个被试者脑图的生成=======
=======已完成31个被试者脑图的生成=======
=======已完成32个被试者脑图的生成=======
=======已完成33个被试者脑图的生成=======
=======已完成34个被试者脑图的生成=======
=======已完成35个被试者脑图的生成=======
=======已完成36个被试者脑图的生成=======
=======已完成37个被试者脑图的生成=======
=======已完成38个被试者脑图的生成=======
=======已完成39个被试者脑图的生成=======
=======已完成40个被试者脑图的生成=======
=======已完成41个被试者脑图的生成=======
=======已完成42个被试者脑图的生成=======
=======已完成43个被试者脑图的生成=======
=======已完成44个被试者脑图的生成=======
=======已完成45个被试者脑图的生成=======
=======已完成46个被试者脑图的生成=======
=======已完成47个被试者脑图的生成=======
=======已完成48个被试者脑图的生成=======
=======已完成49个被试者脑图的生成=======
*******Ahat_lst获取完毕，长度为50*******
Epoch: 0, Batch: 9, Train Loss:0.685
***************第0轮10批训练开始***************
=======已完成1个被试者数据的读取=======
=======已完成2个被试者数据的读取=======
=======已完成3个被试者数据的读取=======
=======已完成4个被试者数据的读取=======
=======已完成5个被试者数据的读取=======
=======已完成6个被试者数据的读取=======
=======已完成7个被试者数据的读取=======
=======已完成8个被试者数据的读取=======
=======已完成9个被试者数据的读取=======
=======已完成10个被试者数据的读取=======
=======已完成11个被试者数据的读取=======
=======已完成12个被试者数据的读取=======
=======已完成13个被试者数据的读取=======
=======已完成14个被试者数据的读取=======
=======已完成15个被试者数据的读取=======
=======已完成16个被试者数据的读取=======
=======已完成17个被试者数据的读取=======
=======已完成18个被试者数据的读取=======
=======已完成19个被试者数据的读取=======
=======已完成20个被试者数据的读取=======
=======已完成21个被试者数据的读取=======
=======已完成22个被试者数据的读取=======
=======已完成23个被试者数据的读取=======
=======已完成24个被试者数据的读取=======
=======已完成25个被试者数据的读取=======
=======已完成26个被试者数据的读取=======
=======已完成27个被试者数据的读取=======
=======已完成28个被试者数据的读取=======
=======已完成29个被试者数据的读取=======
=======已完成30个被试者数据的读取=======
=======已完成31个被试者数据的读取=======
=======已完成32个被试者数据的读取=======
=======已完成33个被试者数据的读取=======
=======已完成34个被试者数据的读取=======
=======已完成35个被试者数据的读取=======
=======已完成36个被试者数据的读取=======
=======已完成37个被试者数据的读取=======
=======已完成38个被试者数据的读取=======
=======已完成39个被试者数据的读取=======
=======已完成40个被试者数据的读取=======
=======已完成41个被试者数据的读取=======
=======已完成42个被试者数据的读取=======
=======已完成43个被试者数据的读取=======
=======已完成44个被试者数据的读取=======
=======已完成45个被试者数据的读取=======
=======已完成46个被试者数据的读取=======
=======已完成47个被试者数据的读取=======
=======已完成48个被试者数据的读取=======
=======已完成49个被试者数据的读取=======
=======已完成50个被试者数据的读取=======
*******SC_normalized_lst FUN_normalized_lst feature_matrix_lst 获取完毕，长度均为50*******
=======已完成1个Af矩阵的生成=======
=======已完成2个Af矩阵的生成=======
=======已完成3个Af矩阵的生成=======
=======已完成4个Af矩阵的生成=======
=======已完成5个Af矩阵的生成=======
=======已完成6个Af矩阵的生成=======
=======已完成7个Af矩阵的生成=======
=======已完成8个Af矩阵的生成=======
=======已完成9个Af矩阵的生成=======
=======已完成10个Af矩阵的生成=======
=======已完成11个Af矩阵的生成=======
=======已完成12个Af矩阵的生成=======
=======已完成13个Af矩阵的生成=======
=======已完成14个Af矩阵的生成=======
=======已完成15个Af矩阵的生成=======
=======已完成16个Af矩阵的生成=======
=======已完成17个Af矩阵的生成=======
=======已完成18个Af矩阵的生成=======
=======已完成19个Af矩阵的生成=======
=======已完成20个Af矩阵的生成=======
=======已完成21个Af矩阵的生成=======
=======已完成22个Af矩阵的生成=======
=======已完成23个Af矩阵的生成=======
=======已完成24个Af矩阵的生成=======
=======已完成25个Af矩阵的生成=======
=======已完成26个Af矩阵的生成=======
=======已完成27个Af矩阵的生成=======
=======已完成28个Af矩阵的生成=======
=======已完成29个Af矩阵的生成=======
=======已完成30个Af矩阵的生成=======
=======已完成31个Af矩阵的生成=======
=======已完成32个Af矩阵的生成=======
=======已完成33个Af矩阵的生成=======
=======已完成34个Af矩阵的生成=======
=======已完成35个Af矩阵的生成=======
=======已完成36个Af矩阵的生成=======
=======已完成37个Af矩阵的生成=======
=======已完成38个Af矩阵的生成=======
=======已完成39个Af矩阵的生成=======
=======已完成40个Af矩阵的生成=======
=======已完成41个Af矩阵的生成=======
=======已完成42个Af矩阵的生成=======
=======已完成43个Af矩阵的生成=======
=======已完成44个Af矩阵的生成=======
=======已完成45个Af矩阵的生成=======
=======已完成46个Af矩阵的生成=======
=======已完成47个Af矩阵的生成=======
=======已完成48个Af矩阵的生成=======
=======已完成49个Af矩阵的生成=======
=======已完成50个Af矩阵的生成=======
*******As_lst Af_lst feature_matrix_lst正常生成，列表长度均为：50*******
=======已完成0个Ahat矩阵的融合生成=======
=======已完成1个Ahat矩阵的融合生成=======
=======已完成2个Ahat矩阵的融合生成=======
=======已完成3个Ahat矩阵的融合生成=======
=======已完成4个Ahat矩阵的融合生成=======
=======已完成5个Ahat矩阵的融合生成=======
=======已完成6个Ahat矩阵的融合生成=======
=======已完成7个Ahat矩阵的融合生成=======
=======已完成8个Ahat矩阵的融合生成=======
=======已完成9个Ahat矩阵的融合生成=======
=======已完成10个Ahat矩阵的融合生成=======
=======已完成11个Ahat矩阵的融合生成=======
=======已完成12个Ahat矩阵的融合生成=======
=======已完成13个Ahat矩阵的融合生成=======
=======已完成14个Ahat矩阵的融合生成=======
=======已完成15个Ahat矩阵的融合生成=======
=======已完成16个Ahat矩阵的融合生成=======
=======已完成17个Ahat矩阵的融合生成=======
=======已完成18个Ahat矩阵的融合生成=======
=======已完成19个Ahat矩阵的融合生成=======
=======已完成20个Ahat矩阵的融合生成=======
=======已完成21个Ahat矩阵的融合生成=======
=======已完成22个Ahat矩阵的融合生成=======
=======已完成23个Ahat矩阵的融合生成=======
=======已完成24个Ahat矩阵的融合生成=======
=======已完成25个Ahat矩阵的融合生成=======
=======已完成26个Ahat矩阵的融合生成=======
=======已完成27个Ahat矩阵的融合生成=======
=======已完成28个Ahat矩阵的融合生成=======
=======已完成29个Ahat矩阵的融合生成=======
=======已完成30个Ahat矩阵的融合生成=======
=======已完成31个Ahat矩阵的融合生成=======
=======已完成32个Ahat矩阵的融合生成=======
=======已完成33个Ahat矩阵的融合生成=======
=======已完成34个Ahat矩阵的融合生成=======
=======已完成35个Ahat矩阵的融合生成=======
=======已完成36个Ahat矩阵的融合生成=======
=======已完成37个Ahat矩阵的融合生成=======
=======已完成38个Ahat矩阵的融合生成=======
=======已完成39个Ahat矩阵的融合生成=======
=======已完成40个Ahat矩阵的融合生成=======
=======已完成41个Ahat矩阵的融合生成=======
=======已完成42个Ahat矩阵的融合生成=======
=======已完成43个Ahat矩阵的融合生成=======
=======已完成44个Ahat矩阵的融合生成=======
=======已完成45个Ahat矩阵的融合生成=======
=======已完成46个Ahat矩阵的融合生成=======
=======已完成47个Ahat矩阵的融合生成=======
=======已完成48个Ahat矩阵的融合生成=======
=======已完成49个Ahat矩阵的融合生成=======
*******Af_lst获取完毕，长度为50*******
=======已完成0个被试者脑图的生成=======
=======已完成1个被试者脑图的生成=======
=======已完成2个被试者脑图的生成=======
=======已完成3个被试者脑图的生成=======
=======已完成4个被试者脑图的生成=======
=======已完成5个被试者脑图的生成=======
=======已完成6个被试者脑图的生成=======
=======已完成7个被试者脑图的生成=======
=======已完成8个被试者脑图的生成=======
=======已完成9个被试者脑图的生成=======
=======已完成10个被试者脑图的生成=======
=======已完成11个被试者脑图的生成=======
=======已完成12个被试者脑图的生成=======
=======已完成13个被试者脑图的生成=======
=======已完成14个被试者脑图的生成=======
=======已完成15个被试者脑图的生成=======
=======已完成16个被试者脑图的生成=======
=======已完成17个被试者脑图的生成=======
=======已完成18个被试者脑图的生成=======
=======已完成19个被试者脑图的生成=======
=======已完成20个被试者脑图的生成=======
=======已完成21个被试者脑图的生成=======
=======已完成22个被试者脑图的生成=======
=======已完成23个被试者脑图的生成=======
=======已完成24个被试者脑图的生成=======
=======已完成25个被试者脑图的生成=======
=======已完成26个被试者脑图的生成=======
=======已完成27个被试者脑图的生成=======
=======已完成28个被试者脑图的生成=======
=======已完成29个被试者脑图的生成=======
=======已完成30个被试者脑图的生成=======
=======已完成31个被试者脑图的生成=======
=======已完成32个被试者脑图的生成=======
=======已完成33个被试者脑图的生成=======
=======已完成34个被试者脑图的生成=======
=======已完成35个被试者脑图的生成=======
=======已完成36个被试者脑图的生成=======
=======已完成37个被试者脑图的生成=======
=======已完成38个被试者脑图的生成=======
=======已完成39个被试者脑图的生成=======
=======已完成40个被试者脑图的生成=======
=======已完成41个被试者脑图的生成=======
=======已完成42个被试者脑图的生成=======
=======已完成43个被试者脑图的生成=======
=======已完成44个被试者脑图的生成=======
=======已完成45个被试者脑图的生成=======
=======已完成46个被试者脑图的生成=======
=======已完成47个被试者脑图的生成=======
=======已完成48个被试者脑图的生成=======
=======已完成49个被试者脑图的生成=======
*******Ahat_lst获取完毕，长度为50*******
Epoch: 0, Batch: 10, Train Loss:0.679
***************第0轮11批训练开始***************
=======已完成1个被试者数据的读取=======
=======已完成2个被试者数据的读取=======
=======已完成3个被试者数据的读取=======
=======已完成4个被试者数据的读取=======
=======已完成5个被试者数据的读取=======
=======已完成6个被试者数据的读取=======
=======已完成7个被试者数据的读取=======
=======已完成8个被试者数据的读取=======
=======已完成9个被试者数据的读取=======
=======已完成10个被试者数据的读取=======
=======已完成11个被试者数据的读取=======
=======已完成12个被试者数据的读取=======
=======已完成13个被试者数据的读取=======
=======已完成14个被试者数据的读取=======
=======已完成15个被试者数据的读取=======
=======已完成16个被试者数据的读取=======
=======已完成17个被试者数据的读取=======
=======已完成18个被试者数据的读取=======
=======已完成19个被试者数据的读取=======
=======已完成20个被试者数据的读取=======
=======已完成21个被试者数据的读取=======
=======已完成22个被试者数据的读取=======
=======已完成23个被试者数据的读取=======
=======已完成24个被试者数据的读取=======
=======已完成25个被试者数据的读取=======
=======已完成26个被试者数据的读取=======
=======已完成27个被试者数据的读取=======
=======已完成28个被试者数据的读取=======
=======已完成29个被试者数据的读取=======
=======已完成30个被试者数据的读取=======
=======已完成31个被试者数据的读取=======
=======已完成32个被试者数据的读取=======
=======已完成33个被试者数据的读取=======
=======已完成34个被试者数据的读取=======
=======已完成35个被试者数据的读取=======
=======已完成36个被试者数据的读取=======
=======已完成37个被试者数据的读取=======
=======已完成38个被试者数据的读取=======
=======已完成39个被试者数据的读取=======
=======已完成40个被试者数据的读取=======
=======已完成41个被试者数据的读取=======
=======已完成42个被试者数据的读取=======
=======已完成43个被试者数据的读取=======
=======已完成44个被试者数据的读取=======
=======已完成45个被试者数据的读取=======
=======已完成46个被试者数据的读取=======
=======已完成47个被试者数据的读取=======
=======已完成48个被试者数据的读取=======
=======已完成49个被试者数据的读取=======
=======已完成50个被试者数据的读取=======
*******SC_normalized_lst FUN_normalized_lst feature_matrix_lst 获取完毕，长度均为50*******
=======已完成1个Af矩阵的生成=======
=======已完成2个Af矩阵的生成=======
=======已完成3个Af矩阵的生成=======
=======已完成4个Af矩阵的生成=======
=======已完成5个Af矩阵的生成=======
=======已完成6个Af矩阵的生成=======
=======已完成7个Af矩阵的生成=======
=======已完成8个Af矩阵的生成=======
=======已完成9个Af矩阵的生成=======
=======已完成10个Af矩阵的生成=======
=======已完成11个Af矩阵的生成=======
=======已完成12个Af矩阵的生成=======
=======已完成13个Af矩阵的生成=======
=======已完成14个Af矩阵的生成=======
=======已完成15个Af矩阵的生成=======
=======已完成16个Af矩阵的生成=======
=======已完成17个Af矩阵的生成=======
=======已完成18个Af矩阵的生成=======
=======已完成19个Af矩阵的生成=======
=======已完成20个Af矩阵的生成=======
=======已完成21个Af矩阵的生成=======
=======已完成22个Af矩阵的生成=======
=======已完成23个Af矩阵的生成=======
=======已完成24个Af矩阵的生成=======
=======已完成25个Af矩阵的生成=======
=======已完成26个Af矩阵的生成=======
=======已完成27个Af矩阵的生成=======
=======已完成28个Af矩阵的生成=======
=======已完成29个Af矩阵的生成=======
=======已完成30个Af矩阵的生成=======
=======已完成31个Af矩阵的生成=======
=======已完成32个Af矩阵的生成=======
=======已完成33个Af矩阵的生成=======
=======已完成34个Af矩阵的生成=======
=======已完成35个Af矩阵的生成=======
=======已完成36个Af矩阵的生成=======
=======已完成37个Af矩阵的生成=======
=======已完成38个Af矩阵的生成=======
=======已完成39个Af矩阵的生成=======
=======已完成40个Af矩阵的生成=======
=======已完成41个Af矩阵的生成=======
=======已完成42个Af矩阵的生成=======
=======已完成43个Af矩阵的生成=======
=======已完成44个Af矩阵的生成=======
=======已完成45个Af矩阵的生成=======
=======已完成46个Af矩阵的生成=======
=======已完成47个Af矩阵的生成=======
=======已完成48个Af矩阵的生成=======
=======已完成49个Af矩阵的生成=======
=======已完成50个Af矩阵的生成=======
*******As_lst Af_lst feature_matrix_lst正常生成，列表长度均为：50*******
=======已完成0个Ahat矩阵的融合生成=======
=======已完成1个Ahat矩阵的融合生成=======
=======已完成2个Ahat矩阵的融合生成=======
=======已完成3个Ahat矩阵的融合生成=======
=======已完成4个Ahat矩阵的融合生成=======
=======已完成5个Ahat矩阵的融合生成=======
=======已完成6个Ahat矩阵的融合生成=======
=======已完成7个Ahat矩阵的融合生成=======
=======已完成8个Ahat矩阵的融合生成=======
=======已完成9个Ahat矩阵的融合生成=======
=======已完成10个Ahat矩阵的融合生成=======
=======已完成11个Ahat矩阵的融合生成=======
=======已完成12个Ahat矩阵的融合生成=======
=======已完成13个Ahat矩阵的融合生成=======
=======已完成14个Ahat矩阵的融合生成=======
=======已完成15个Ahat矩阵的融合生成=======
=======已完成16个Ahat矩阵的融合生成=======
=======已完成17个Ahat矩阵的融合生成=======
=======已完成18个Ahat矩阵的融合生成=======
=======已完成19个Ahat矩阵的融合生成=======
=======已完成20个Ahat矩阵的融合生成=======
=======已完成21个Ahat矩阵的融合生成=======
=======已完成22个Ahat矩阵的融合生成=======
=======已完成23个Ahat矩阵的融合生成=======
=======已完成24个Ahat矩阵的融合生成=======
=======已完成25个Ahat矩阵的融合生成=======
=======已完成26个Ahat矩阵的融合生成=======
=======已完成27个Ahat矩阵的融合生成=======
=======已完成28个Ahat矩阵的融合生成=======
=======已完成29个Ahat矩阵的融合生成=======
=======已完成30个Ahat矩阵的融合生成=======
=======已完成31个Ahat矩阵的融合生成=======
=======已完成32个Ahat矩阵的融合生成=======
=======已完成33个Ahat矩阵的融合生成=======
=======已完成34个Ahat矩阵的融合生成=======
=======已完成35个Ahat矩阵的融合生成=======
=======已完成36个Ahat矩阵的融合生成=======
=======已完成37个Ahat矩阵的融合生成=======
=======已完成38个Ahat矩阵的融合生成=======
=======已完成39个Ahat矩阵的融合生成=======
=======已完成40个Ahat矩阵的融合生成=======
=======已完成41个Ahat矩阵的融合生成=======
=======已完成42个Ahat矩阵的融合生成=======
=======已完成43个Ahat矩阵的融合生成=======
=======已完成44个Ahat矩阵的融合生成=======
=======已完成45个Ahat矩阵的融合生成=======
=======已完成46个Ahat矩阵的融合生成=======
=======已完成47个Ahat矩阵的融合生成=======
=======已完成48个Ahat矩阵的融合生成=======
=======已完成49个Ahat矩阵的融合生成=======
*******Af_lst获取完毕，长度为50*******
=======已完成0个被试者脑图的生成=======
=======已完成1个被试者脑图的生成=======
=======已完成2个被试者脑图的生成=======
=======已完成3个被试者脑图的生成=======
=======已完成4个被试者脑图的生成=======
=======已完成5个被试者脑图的生成=======
=======已完成6个被试者脑图的生成=======
=======已完成7个被试者脑图的生成=======
=======已完成8个被试者脑图的生成=======
=======已完成9个被试者脑图的生成=======
=======已完成10个被试者脑图的生成=======
=======已完成11个被试者脑图的生成=======
=======已完成12个被试者脑图的生成=======
=======已完成13个被试者脑图的生成=======
=======已完成14个被试者脑图的生成=======
=======已完成15个被试者脑图的生成=======
=======已完成16个被试者脑图的生成=======
=======已完成17个被试者脑图的生成=======
=======已完成18个被试者脑图的生成=======
=======已完成19个被试者脑图的生成=======
=======已完成20个被试者脑图的生成=======
=======已完成21个被试者脑图的生成=======
=======已完成22个被试者脑图的生成=======
=======已完成23个被试者脑图的生成=======
=======已完成24个被试者脑图的生成=======
=======已完成25个被试者脑图的生成=======
=======已完成26个被试者脑图的生成=======
=======已完成27个被试者脑图的生成=======
=======已完成28个被试者脑图的生成=======
=======已完成29个被试者脑图的生成=======
=======已完成30个被试者脑图的生成=======
=======已完成31个被试者脑图的生成=======
=======已完成32个被试者脑图的生成=======
=======已完成33个被试者脑图的生成=======
=======已完成34个被试者脑图的生成=======
=======已完成35个被试者脑图的生成=======
=======已完成36个被试者脑图的生成=======
=======已完成37个被试者脑图的生成=======
=======已完成38个被试者脑图的生成=======
=======已完成39个被试者脑图的生成=======
=======已完成40个被试者脑图的生成=======
=======已完成41个被试者脑图的生成=======
=======已完成42个被试者脑图的生成=======
=======已完成43个被试者脑图的生成=======
=======已完成44个被试者脑图的生成=======
=======已完成45个被试者脑图的生成=======
=======已完成46个被试者脑图的生成=======
=======已完成47个被试者脑图的生成=======
=======已完成48个被试者脑图的生成=======
=======已完成49个被试者脑图的生成=======
*******Ahat_lst获取完毕，长度为50*******
Epoch: 0, Batch: 11, Train Loss:0.669
***************第0轮12批训练开始***************
=======已完成1个被试者数据的读取=======
=======已完成2个被试者数据的读取=======
=======已完成3个被试者数据的读取=======
=======已完成4个被试者数据的读取=======
=======已完成5个被试者数据的读取=======
=======已完成6个被试者数据的读取=======
=======已完成7个被试者数据的读取=======
=======已完成8个被试者数据的读取=======
=======已完成9个被试者数据的读取=======
=======已完成10个被试者数据的读取=======
=======已完成11个被试者数据的读取=======
=======已完成12个被试者数据的读取=======
=======已完成13个被试者数据的读取=======
=======已完成14个被试者数据的读取=======
=======已完成15个被试者数据的读取=======
=======已完成16个被试者数据的读取=======
=======已完成17个被试者数据的读取=======
=======已完成18个被试者数据的读取=======
=======已完成19个被试者数据的读取=======
=======已完成20个被试者数据的读取=======
=======已完成21个被试者数据的读取=======
=======已完成22个被试者数据的读取=======
=======已完成23个被试者数据的读取=======
=======已完成24个被试者数据的读取=======
=======已完成25个被试者数据的读取=======
=======已完成26个被试者数据的读取=======
=======已完成27个被试者数据的读取=======
=======已完成28个被试者数据的读取=======
=======已完成29个被试者数据的读取=======
=======已完成30个被试者数据的读取=======
=======已完成31个被试者数据的读取=======
=======已完成32个被试者数据的读取=======
=======已完成33个被试者数据的读取=======
=======已完成34个被试者数据的读取=======
=======已完成35个被试者数据的读取=======
=======已完成36个被试者数据的读取=======
=======已完成37个被试者数据的读取=======
=======已完成38个被试者数据的读取=======
=======已完成39个被试者数据的读取=======
=======已完成40个被试者数据的读取=======
=======已完成41个被试者数据的读取=======
=======已完成42个被试者数据的读取=======
=======已完成43个被试者数据的读取=======
=======已完成44个被试者数据的读取=======
=======已完成45个被试者数据的读取=======
=======已完成46个被试者数据的读取=======
=======已完成47个被试者数据的读取=======
=======已完成48个被试者数据的读取=======
=======已完成49个被试者数据的读取=======
=======已完成50个被试者数据的读取=======
*******SC_normalized_lst FUN_normalized_lst feature_matrix_lst 获取完毕，长度均为50*******
=======已完成1个Af矩阵的生成=======
=======已完成2个Af矩阵的生成=======
=======已完成3个Af矩阵的生成=======
=======已完成4个Af矩阵的生成=======
=======已完成5个Af矩阵的生成=======
=======已完成6个Af矩阵的生成=======
=======已完成7个Af矩阵的生成=======
=======已完成8个Af矩阵的生成=======
=======已完成9个Af矩阵的生成=======
=======已完成10个Af矩阵的生成=======
=======已完成11个Af矩阵的生成=======
=======已完成12个Af矩阵的生成=======
=======已完成13个Af矩阵的生成=======
=======已完成14个Af矩阵的生成=======
=======已完成15个Af矩阵的生成=======
=======已完成16个Af矩阵的生成=======
=======已完成17个Af矩阵的生成=======
=======已完成18个Af矩阵的生成=======
=======已完成19个Af矩阵的生成=======
=======已完成20个Af矩阵的生成=======
=======已完成21个Af矩阵的生成=======
=======已完成22个Af矩阵的生成=======
=======已完成23个Af矩阵的生成=======
=======已完成24个Af矩阵的生成=======
=======已完成25个Af矩阵的生成=======
=======已完成26个Af矩阵的生成=======
=======已完成27个Af矩阵的生成=======
=======已完成28个Af矩阵的生成=======
=======已完成29个Af矩阵的生成=======
=======已完成30个Af矩阵的生成=======
=======已完成31个Af矩阵的生成=======
=======已完成32个Af矩阵的生成=======
=======已完成33个Af矩阵的生成=======
=======已完成34个Af矩阵的生成=======
=======已完成35个Af矩阵的生成=======
=======已完成36个Af矩阵的生成=======
=======已完成37个Af矩阵的生成=======
=======已完成38个Af矩阵的生成=======
=======已完成39个Af矩阵的生成=======
=======已完成40个Af矩阵的生成=======
=======已完成41个Af矩阵的生成=======
=======已完成42个Af矩阵的生成=======
=======已完成43个Af矩阵的生成=======
=======已完成44个Af矩阵的生成=======
=======已完成45个Af矩阵的生成=======
=======已完成46个Af矩阵的生成=======
=======已完成47个Af矩阵的生成=======
=======已完成48个Af矩阵的生成=======
=======已完成49个Af矩阵的生成=======
=======已完成50个Af矩阵的生成=======
*******As_lst Af_lst feature_matrix_lst正常生成，列表长度均为：50*******
=======已完成0个Ahat矩阵的融合生成=======
=======已完成1个Ahat矩阵的融合生成=======
=======已完成2个Ahat矩阵的融合生成=======
=======已完成3个Ahat矩阵的融合生成=======
=======已完成4个Ahat矩阵的融合生成=======
=======已完成5个Ahat矩阵的融合生成=======
=======已完成6个Ahat矩阵的融合生成=======
=======已完成7个Ahat矩阵的融合生成=======
=======已完成8个Ahat矩阵的融合生成=======
=======已完成9个Ahat矩阵的融合生成=======
=======已完成10个Ahat矩阵的融合生成=======
=======已完成11个Ahat矩阵的融合生成=======
=======已完成12个Ahat矩阵的融合生成=======
=======已完成13个Ahat矩阵的融合生成=======
=======已完成14个Ahat矩阵的融合生成=======
=======已完成15个Ahat矩阵的融合生成=======
=======已完成16个Ahat矩阵的融合生成=======
=======已完成17个Ahat矩阵的融合生成=======
=======已完成18个Ahat矩阵的融合生成=======
=======已完成19个Ahat矩阵的融合生成=======
=======已完成20个Ahat矩阵的融合生成=======
=======已完成21个Ahat矩阵的融合生成=======
=======已完成22个Ahat矩阵的融合生成=======
=======已完成23个Ahat矩阵的融合生成=======
=======已完成24个Ahat矩阵的融合生成=======
=======已完成25个Ahat矩阵的融合生成=======
=======已完成26个Ahat矩阵的融合生成=======
=======已完成27个Ahat矩阵的融合生成=======
=======已完成28个Ahat矩阵的融合生成=======
=======已完成29个Ahat矩阵的融合生成=======
=======已完成30个Ahat矩阵的融合生成=======
=======已完成31个Ahat矩阵的融合生成=======
=======已完成32个Ahat矩阵的融合生成=======
=======已完成33个Ahat矩阵的融合生成=======
=======已完成34个Ahat矩阵的融合生成=======
=======已完成35个Ahat矩阵的融合生成=======
=======已完成36个Ahat矩阵的融合生成=======
=======已完成37个Ahat矩阵的融合生成=======
=======已完成38个Ahat矩阵的融合生成=======
=======已完成39个Ahat矩阵的融合生成=======
=======已完成40个Ahat矩阵的融合生成=======
=======已完成41个Ahat矩阵的融合生成=======
=======已完成42个Ahat矩阵的融合生成=======
=======已完成43个Ahat矩阵的融合生成=======
=======已完成44个Ahat矩阵的融合生成=======
=======已完成45个Ahat矩阵的融合生成=======
=======已完成46个Ahat矩阵的融合生成=======
=======已完成47个Ahat矩阵的融合生成=======
=======已完成48个Ahat矩阵的融合生成=======
=======已完成49个Ahat矩阵的融合生成=======
*******Af_lst获取完毕，长度为50*******
=======已完成0个被试者脑图的生成=======
=======已完成1个被试者脑图的生成=======
=======已完成2个被试者脑图的生成=======
=======已完成3个被试者脑图的生成=======
=======已完成4个被试者脑图的生成=======
=======已完成5个被试者脑图的生成=======
=======已完成6个被试者脑图的生成=======
=======已完成7个被试者脑图的生成=======
=======已完成8个被试者脑图的生成=======
=======已完成9个被试者脑图的生成=======
=======已完成10个被试者脑图的生成=======
=======已完成11个被试者脑图的生成=======
=======已完成12个被试者脑图的生成=======
=======已完成13个被试者脑图的生成=======
=======已完成14个被试者脑图的生成=======
=======已完成15个被试者脑图的生成=======
=======已完成16个被试者脑图的生成=======
=======已完成17个被试者脑图的生成=======
=======已完成18个被试者脑图的生成=======
=======已完成19个被试者脑图的生成=======
=======已完成20个被试者脑图的生成=======
=======已完成21个被试者脑图的生成=======
=======已完成22个被试者脑图的生成=======
=======已完成23个被试者脑图的生成=======
=======已完成24个被试者脑图的生成=======
=======已完成25个被试者脑图的生成=======
=======已完成26个被试者脑图的生成=======
=======已完成27个被试者脑图的生成=======
=======已完成28个被试者脑图的生成=======
=======已完成29个被试者脑图的生成=======
=======已完成30个被试者脑图的生成=======
=======已完成31个被试者脑图的生成=======
=======已完成32个被试者脑图的生成=======
=======已完成33个被试者脑图的生成=======
=======已完成34个被试者脑图的生成=======
=======已完成35个被试者脑图的生成=======
=======已完成36个被试者脑图的生成=======
=======已完成37个被试者脑图的生成=======
=======已完成38个被试者脑图的生成=======
=======已完成39个被试者脑图的生成=======
=======已完成40个被试者脑图的生成=======
=======已完成41个被试者脑图的生成=======
=======已完成42个被试者脑图的生成=======
=======已完成43个被试者脑图的生成=======
=======已完成44个被试者脑图的生成=======
=======已完成45个被试者脑图的生成=======
=======已完成46个被试者脑图的生成=======
=======已完成47个被试者脑图的生成=======
=======已完成48个被试者脑图的生成=======
=======已完成49个被试者脑图的生成=======
*******Ahat_lst获取完毕，长度为50*******
Epoch: 0, Batch: 12, Train Loss:0.671
***************第0轮13批训练开始***************
=======已完成1个被试者数据的读取=======
=======已完成2个被试者数据的读取=======
=======已完成3个被试者数据的读取=======
=======已完成4个被试者数据的读取=======
=======已完成5个被试者数据的读取=======
=======已完成6个被试者数据的读取=======
=======已完成7个被试者数据的读取=======
=======已完成8个被试者数据的读取=======
=======已完成9个被试者数据的读取=======
=======已完成10个被试者数据的读取=======
=======已完成11个被试者数据的读取=======
=======已完成12个被试者数据的读取=======
=======已完成13个被试者数据的读取=======
=======已完成14个被试者数据的读取=======
=======已完成15个被试者数据的读取=======
=======已完成16个被试者数据的读取=======
=======已完成17个被试者数据的读取=======
=======已完成18个被试者数据的读取=======
=======已完成19个被试者数据的读取=======
=======已完成20个被试者数据的读取=======
=======已完成21个被试者数据的读取=======
=======已完成22个被试者数据的读取=======
=======已完成23个被试者数据的读取=======
=======已完成24个被试者数据的读取=======
=======已完成25个被试者数据的读取=======
=======已完成26个被试者数据的读取=======
=======已完成27个被试者数据的读取=======
=======已完成28个被试者数据的读取=======
=======已完成29个被试者数据的读取=======
=======已完成30个被试者数据的读取=======
=======已完成31个被试者数据的读取=======
=======已完成32个被试者数据的读取=======
=======已完成33个被试者数据的读取=======
=======已完成34个被试者数据的读取=======
=======已完成35个被试者数据的读取=======
=======已完成36个被试者数据的读取=======
=======已完成37个被试者数据的读取=======
=======已完成38个被试者数据的读取=======
=======已完成39个被试者数据的读取=======
=======已完成40个被试者数据的读取=======
=======已完成41个被试者数据的读取=======
=======已完成42个被试者数据的读取=======
=======已完成43个被试者数据的读取=======
=======已完成44个被试者数据的读取=======
=======已完成45个被试者数据的读取=======
=======已完成46个被试者数据的读取=======
=======已完成47个被试者数据的读取=======
=======已完成48个被试者数据的读取=======
=======已完成49个被试者数据的读取=======
=======已完成50个被试者数据的读取=======
*******SC_normalized_lst FUN_normalized_lst feature_matrix_lst 获取完毕，长度均为50*******
=======已完成1个Af矩阵的生成=======
=======已完成2个Af矩阵的生成=======
=======已完成3个Af矩阵的生成=======
=======已完成4个Af矩阵的生成=======
=======已完成5个Af矩阵的生成=======
=======已完成6个Af矩阵的生成=======
=======已完成7个Af矩阵的生成=======
=======已完成8个Af矩阵的生成=======
=======已完成9个Af矩阵的生成=======
=======已完成10个Af矩阵的生成=======
=======已完成11个Af矩阵的生成=======
=======已完成12个Af矩阵的生成=======
=======已完成13个Af矩阵的生成=======
=======已完成14个Af矩阵的生成=======
=======已完成15个Af矩阵的生成=======
=======已完成16个Af矩阵的生成=======
=======已完成17个Af矩阵的生成=======
=======已完成18个Af矩阵的生成=======
=======已完成19个Af矩阵的生成=======
=======已完成20个Af矩阵的生成=======
=======已完成21个Af矩阵的生成=======
=======已完成22个Af矩阵的生成=======
=======已完成23个Af矩阵的生成=======
=======已完成24个Af矩阵的生成=======
=======已完成25个Af矩阵的生成=======
=======已完成26个Af矩阵的生成=======
=======已完成27个Af矩阵的生成=======
=======已完成28个Af矩阵的生成=======
=======已完成29个Af矩阵的生成=======
=======已完成30个Af矩阵的生成=======
=======已完成31个Af矩阵的生成=======
=======已完成32个Af矩阵的生成=======
=======已完成33个Af矩阵的生成=======
=======已完成34个Af矩阵的生成=======
=======已完成35个Af矩阵的生成=======
=======已完成36个Af矩阵的生成=======
=======已完成37个Af矩阵的生成=======
=======已完成38个Af矩阵的生成=======
=======已完成39个Af矩阵的生成=======
=======已完成40个Af矩阵的生成=======
=======已完成41个Af矩阵的生成=======
=======已完成42个Af矩阵的生成=======
=======已完成43个Af矩阵的生成=======
=======已完成44个Af矩阵的生成=======
=======已完成45个Af矩阵的生成=======
=======已完成46个Af矩阵的生成=======
=======已完成47个Af矩阵的生成=======
=======已完成48个Af矩阵的生成=======
=======已完成49个Af矩阵的生成=======
=======已完成50个Af矩阵的生成=======
*******As_lst Af_lst feature_matrix_lst正常生成，列表长度均为：50*******
=======已完成0个Ahat矩阵的融合生成=======
=======已完成1个Ahat矩阵的融合生成=======
=======已完成2个Ahat矩阵的融合生成=======
=======已完成3个Ahat矩阵的融合生成=======
=======已完成4个Ahat矩阵的融合生成=======
=======已完成5个Ahat矩阵的融合生成=======
=======已完成6个Ahat矩阵的融合生成=======
=======已完成7个Ahat矩阵的融合生成=======
=======已完成8个Ahat矩阵的融合生成=======
=======已完成9个Ahat矩阵的融合生成=======
=======已完成10个Ahat矩阵的融合生成=======
=======已完成11个Ahat矩阵的融合生成=======
=======已完成12个Ahat矩阵的融合生成=======
=======已完成13个Ahat矩阵的融合生成=======
=======已完成14个Ahat矩阵的融合生成=======
=======已完成15个Ahat矩阵的融合生成=======
=======已完成16个Ahat矩阵的融合生成=======
=======已完成17个Ahat矩阵的融合生成=======
=======已完成18个Ahat矩阵的融合生成=======
=======已完成19个Ahat矩阵的融合生成=======
=======已完成20个Ahat矩阵的融合生成=======
=======已完成21个Ahat矩阵的融合生成=======
=======已完成22个Ahat矩阵的融合生成=======
=======已完成23个Ahat矩阵的融合生成=======
=======已完成24个Ahat矩阵的融合生成=======
=======已完成25个Ahat矩阵的融合生成=======
=======已完成26个Ahat矩阵的融合生成=======
=======已完成27个Ahat矩阵的融合生成=======
=======已完成28个Ahat矩阵的融合生成=======
=======已完成29个Ahat矩阵的融合生成=======
=======已完成30个Ahat矩阵的融合生成=======
=======已完成31个Ahat矩阵的融合生成=======
=======已完成32个Ahat矩阵的融合生成=======
=======已完成33个Ahat矩阵的融合生成=======
=======已完成34个Ahat矩阵的融合生成=======
=======已完成35个Ahat矩阵的融合生成=======
=======已完成36个Ahat矩阵的融合生成=======
=======已完成37个Ahat矩阵的融合生成=======
=======已完成38个Ahat矩阵的融合生成=======
=======已完成39个Ahat矩阵的融合生成=======
=======已完成40个Ahat矩阵的融合生成=======
=======已完成41个Ahat矩阵的融合生成=======
=======已完成42个Ahat矩阵的融合生成=======
=======已完成43个Ahat矩阵的融合生成=======
=======已完成44个Ahat矩阵的融合生成=======
=======已完成45个Ahat矩阵的融合生成=======
=======已完成46个Ahat矩阵的融合生成=======
=======已完成47个Ahat矩阵的融合生成=======
=======已完成48个Ahat矩阵的融合生成=======
=======已完成49个Ahat矩阵的融合生成=======
*******Af_lst获取完毕，长度为50*******
=======已完成0个被试者脑图的生成=======
=======已完成1个被试者脑图的生成=======
=======已完成2个被试者脑图的生成=======
=======已完成3个被试者脑图的生成=======
=======已完成4个被试者脑图的生成=======
=======已完成5个被试者脑图的生成=======
=======已完成6个被试者脑图的生成=======
=======已完成7个被试者脑图的生成=======
=======已完成8个被试者脑图的生成=======
=======已完成9个被试者脑图的生成=======
=======已完成10个被试者脑图的生成=======
=======已完成11个被试者脑图的生成=======
=======已完成12个被试者脑图的生成=======
=======已完成13个被试者脑图的生成=======
=======已完成14个被试者脑图的生成=======
=======已完成15个被试者脑图的生成=======
=======已完成16个被试者脑图的生成=======
=======已完成17个被试者脑图的生成=======
=======已完成18个被试者脑图的生成=======
=======已完成19个被试者脑图的生成=======
=======已完成20个被试者脑图的生成=======
=======已完成21个被试者脑图的生成=======
=======已完成22个被试者脑图的生成=======
=======已完成23个被试者脑图的生成=======
=======已完成24个被试者脑图的生成=======
=======已完成25个被试者脑图的生成=======
=======已完成26个被试者脑图的生成=======
=======已完成27个被试者脑图的生成=======
=======已完成28个被试者脑图的生成=======
=======已完成29个被试者脑图的生成=======
=======已完成30个被试者脑图的生成=======
=======已完成31个被试者脑图的生成=======
=======已完成32个被试者脑图的生成=======
=======已完成33个被试者脑图的生成=======
=======已完成34个被试者脑图的生成=======
=======已完成35个被试者脑图的生成=======
=======已完成36个被试者脑图的生成=======
=======已完成37个被试者脑图的生成=======
=======已完成38个被试者脑图的生成=======
=======已完成39个被试者脑图的生成=======
=======已完成40个被试者脑图的生成=======
=======已完成41个被试者脑图的生成=======
=======已完成42个被试者脑图的生成=======
=======已完成43个被试者脑图的生成=======
=======已完成44个被试者脑图的生成=======
=======已完成45个被试者脑图的生成=======
=======已完成46个被试者脑图的生成=======
=======已完成47个被试者脑图的生成=======
=======已完成48个被试者脑图的生成=======
=======已完成49个被试者脑图的生成=======
*******Ahat_lst获取完毕，长度为50*******
Epoch: 0, Batch: 13, Train Loss:0.672
***************第0轮14批训练开始***************
=======已完成1个被试者数据的读取=======
=======已完成2个被试者数据的读取=======
=======已完成3个被试者数据的读取=======
=======已完成4个被试者数据的读取=======
=======已完成5个被试者数据的读取=======
=======已完成6个被试者数据的读取=======
=======已完成7个被试者数据的读取=======
=======已完成8个被试者数据的读取=======
=======已完成9个被试者数据的读取=======
=======已完成10个被试者数据的读取=======
=======已完成11个被试者数据的读取=======
=======已完成12个被试者数据的读取=======
=======已完成13个被试者数据的读取=======
=======已完成14个被试者数据的读取=======
=======已完成15个被试者数据的读取=======
=======已完成16个被试者数据的读取=======
=======已完成17个被试者数据的读取=======
=======已完成18个被试者数据的读取=======
=======已完成19个被试者数据的读取=======
=======已完成20个被试者数据的读取=======
=======已完成21个被试者数据的读取=======
=======已完成22个被试者数据的读取=======
=======已完成23个被试者数据的读取=======
=======已完成24个被试者数据的读取=======
=======已完成25个被试者数据的读取=======
=======已完成26个被试者数据的读取=======
=======已完成27个被试者数据的读取=======
=======已完成28个被试者数据的读取=======
=======已完成29个被试者数据的读取=======
=======已完成30个被试者数据的读取=======
=======已完成31个被试者数据的读取=======
=======已完成32个被试者数据的读取=======
=======已完成33个被试者数据的读取=======
=======已完成34个被试者数据的读取=======
=======已完成35个被试者数据的读取=======
=======已完成36个被试者数据的读取=======
=======已完成37个被试者数据的读取=======
=======已完成38个被试者数据的读取=======
=======已完成39个被试者数据的读取=======
=======已完成40个被试者数据的读取=======
=======已完成41个被试者数据的读取=======
=======已完成42个被试者数据的读取=======
=======已完成43个被试者数据的读取=======
=======已完成44个被试者数据的读取=======
=======已完成45个被试者数据的读取=======
=======已完成46个被试者数据的读取=======
=======已完成47个被试者数据的读取=======
=======已完成48个被试者数据的读取=======
=======已完成49个被试者数据的读取=======
=======已完成50个被试者数据的读取=======
*******SC_normalized_lst FUN_normalized_lst feature_matrix_lst 获取完毕，长度均为50*******
=======已完成1个Af矩阵的生成=======
=======已完成2个Af矩阵的生成=======
=======已完成3个Af矩阵的生成=======
=======已完成4个Af矩阵的生成=======
=======已完成5个Af矩阵的生成=======
=======已完成6个Af矩阵的生成=======
=======已完成7个Af矩阵的生成=======
=======已完成8个Af矩阵的生成=======
=======已完成9个Af矩阵的生成=======
=======已完成10个Af矩阵的生成=======
=======已完成11个Af矩阵的生成=======
=======已完成12个Af矩阵的生成=======
=======已完成13个Af矩阵的生成=======
=======已完成14个Af矩阵的生成=======
=======已完成15个Af矩阵的生成=======
=======已完成16个Af矩阵的生成=======
=======已完成17个Af矩阵的生成=======
=======已完成18个Af矩阵的生成=======
=======已完成19个Af矩阵的生成=======
=======已完成20个Af矩阵的生成=======
=======已完成21个Af矩阵的生成=======
=======已完成22个Af矩阵的生成=======
=======已完成23个Af矩阵的生成=======
=======已完成24个Af矩阵的生成=======
=======已完成25个Af矩阵的生成=======
=======已完成26个Af矩阵的生成=======
=======已完成27个Af矩阵的生成=======
=======已完成28个Af矩阵的生成=======
=======已完成29个Af矩阵的生成=======
=======已完成30个Af矩阵的生成=======
=======已完成31个Af矩阵的生成=======
=======已完成32个Af矩阵的生成=======
=======已完成33个Af矩阵的生成=======
=======已完成34个Af矩阵的生成=======
=======已完成35个Af矩阵的生成=======
=======已完成36个Af矩阵的生成=======
=======已完成37个Af矩阵的生成=======
=======已完成38个Af矩阵的生成=======
=======已完成39个Af矩阵的生成=======
=======已完成40个Af矩阵的生成=======
=======已完成41个Af矩阵的生成=======
=======已完成42个Af矩阵的生成=======
=======已完成43个Af矩阵的生成=======
=======已完成44个Af矩阵的生成=======
=======已完成45个Af矩阵的生成=======
=======已完成46个Af矩阵的生成=======
=======已完成47个Af矩阵的生成=======
=======已完成48个Af矩阵的生成=======
=======已完成49个Af矩阵的生成=======
=======已完成50个Af矩阵的生成=======
*******As_lst Af_lst feature_matrix_lst正常生成，列表长度均为：50*******
=======已完成0个Ahat矩阵的融合生成=======
=======已完成1个Ahat矩阵的融合生成=======
=======已完成2个Ahat矩阵的融合生成=======
=======已完成3个Ahat矩阵的融合生成=======
=======已完成4个Ahat矩阵的融合生成=======
=======已完成5个Ahat矩阵的融合生成=======
=======已完成6个Ahat矩阵的融合生成=======
=======已完成7个Ahat矩阵的融合生成=======
=======已完成8个Ahat矩阵的融合生成=======
=======已完成9个Ahat矩阵的融合生成=======
=======已完成10个Ahat矩阵的融合生成=======
=======已完成11个Ahat矩阵的融合生成=======
=======已完成12个Ahat矩阵的融合生成=======
=======已完成13个Ahat矩阵的融合生成=======
=======已完成14个Ahat矩阵的融合生成=======
=======已完成15个Ahat矩阵的融合生成=======
=======已完成16个Ahat矩阵的融合生成=======
=======已完成17个Ahat矩阵的融合生成=======
=======已完成18个Ahat矩阵的融合生成=======
=======已完成19个Ahat矩阵的融合生成=======
=======已完成20个Ahat矩阵的融合生成=======
=======已完成21个Ahat矩阵的融合生成=======
=======已完成22个Ahat矩阵的融合生成=======
=======已完成23个Ahat矩阵的融合生成=======
=======已完成24个Ahat矩阵的融合生成=======
=======已完成25个Ahat矩阵的融合生成=======
=======已完成26个Ahat矩阵的融合生成=======
=======已完成27个Ahat矩阵的融合生成=======
=======已完成28个Ahat矩阵的融合生成=======
=======已完成29个Ahat矩阵的融合生成=======
=======已完成30个Ahat矩阵的融合生成=======
=======已完成31个Ahat矩阵的融合生成=======
=======已完成32个Ahat矩阵的融合生成=======
=======已完成33个Ahat矩阵的融合生成=======
=======已完成34个Ahat矩阵的融合生成=======
=======已完成35个Ahat矩阵的融合生成=======
=======已完成36个Ahat矩阵的融合生成=======
=======已完成37个Ahat矩阵的融合生成=======
=======已完成38个Ahat矩阵的融合生成=======
=======已完成39个Ahat矩阵的融合生成=======
=======已完成40个Ahat矩阵的融合生成=======
=======已完成41个Ahat矩阵的融合生成=======
=======已完成42个Ahat矩阵的融合生成=======
=======已完成43个Ahat矩阵的融合生成=======
=======已完成44个Ahat矩阵的融合生成=======
=======已完成45个Ahat矩阵的融合生成=======
=======已完成46个Ahat矩阵的融合生成=======
=======已完成47个Ahat矩阵的融合生成=======
=======已完成48个Ahat矩阵的融合生成=======
=======已完成49个Ahat矩阵的融合生成=======
*******Af_lst获取完毕，长度为50*******
=======已完成0个被试者脑图的生成=======
=======已完成1个被试者脑图的生成=======
=======已完成2个被试者脑图的生成=======
=======已完成3个被试者脑图的生成=======
=======已完成4个被试者脑图的生成=======
=======已完成5个被试者脑图的生成=======
=======已完成6个被试者脑图的生成=======
=======已完成7个被试者脑图的生成=======
=======已完成8个被试者脑图的生成=======
=======已完成9个被试者脑图的生成=======
=======已完成10个被试者脑图的生成=======
=======已完成11个被试者脑图的生成=======
=======已完成12个被试者脑图的生成=======
=======已完成13个被试者脑图的生成=======
=======已完成14个被试者脑图的生成=======
Traceback (most recent call last):
  File "train.py", line 150, in <module>
    best_loss = one_epoch(epoch=epoch, best_loss=best_loss, random_seed=seed_value)
  File "train.py", line 76, in one_epoch
    train_loss_one_batch = one_batch_train(slice(i*50,  (i+1)*50), random_seed)
  File "train.py", line 59, in one_batch_train
    dataset_lst = load_data(data_path, dataset_slice, random_seed, M, sigma, theta)
  File "/home/liubanruo/229codev6/data_loader.py", line 84, in load_data
    dataset.append(bulid_single_graph(Ahat_lst[i], feature_matrix_lst[i], label_lst[i]))  # 这里还没有label
  File "/home/liubanruo/229codev6/data_loader.py", line 121, in bulid_single_graph
    edge_weights = torch.tensor(edge_weights, dtype=torch.long).t().contiguous()  # 边的权重
ValueError: cannot convert float NaN to integer
